2023-07-06 18:11:10.176 [JavaFX Application Thread] INFO  Until.project.itss.group8.itss.ConnectionPool - Create pool
2023-07-06 18:11:10.178 [JavaFX Application Thread] ERROR Until.project.itss.group8.itss.ConnectionPool - Error when load DB config File:
java.io.FileNotFoundException: etc\database.config (The system cannot find the file specified)
	at java.io.FileInputStream.open0(Native Method) ~[?:?]
	at java.io.FileInputStream.open(FileInputStream.java:216) ~[?:?]
	at java.io.FileInputStream.<init>(FileInputStream.java:157) ~[?:?]
	at java.io.FileInputStream.<init>(FileInputStream.java:111) ~[?:?]
	at Until.project.itss.group8.itss.ConnectionPool.loadConfig(ConnectionPool.java:47) ~[classes/:?]
	at Until.project.itss.group8.itss.ConnectionPool.<init>(ConnectionPool.java:33) ~[classes/:?]
	at Until.project.itss.group8.itss.ConnectionPool.getInstance(ConnectionPool.java:40) ~[classes/:?]
	at controller.project.itss.group8.itss.LoginController.initialize(LoginController.java:52) ~[classes/:?]
	at javafx.fxml.FXMLLoader.loadImpl(FXMLLoader.java:2655) ~[javafx-fxml-17.0.2-win.jar:?]
	at javafx.fxml.FXMLLoader.loadImpl(FXMLLoader.java:2548) ~[javafx-fxml-17.0.2-win.jar:?]
	at javafx.fxml.FXMLLoader.load(FXMLLoader.java:2516) ~[javafx-fxml-17.0.2-win.jar:?]
	at project.itss.group8.itss.HelloApplication.start(HelloApplication.java:20) ~[classes/:?]
	at com.sun.javafx.application.LauncherImpl.lambda$launchApplication1$9(LauncherImpl.java:847) ~[javafx-graphics-17.0.2-win.jar:?]
	at com.sun.javafx.application.PlatformImpl.lambda$runAndWait$12(PlatformImpl.java:484) ~[javafx-graphics-17.0.2-win.jar:?]
	at com.sun.javafx.application.PlatformImpl.lambda$runLater$10(PlatformImpl.java:457) ~[javafx-graphics-17.0.2-win.jar:?]
	at java.security.AccessController.doPrivileged(AccessController.java:399) ~[?:?]
	at com.sun.javafx.application.PlatformImpl.lambda$runLater$11(PlatformImpl.java:456) ~[javafx-graphics-17.0.2-win.jar:?]
	at com.sun.glass.ui.InvokeLaterDispatcher$Future.run(InvokeLaterDispatcher.java:96) ~[javafx-graphics-17.0.2-win.jar:?]
	at com.sun.glass.ui.win.WinApplication._runLoop(Native Method) ~[javafx-graphics-17.0.2-win.jar:?]
	at com.sun.glass.ui.win.WinApplication.lambda$runLoop$3(WinApplication.java:184) ~[javafx-graphics-17.0.2-win.jar:?]
	at java.lang.Thread.run(Thread.java:833) [?:?]
2023-07-06 18:14:24.556 [JavaFX Application Thread] INFO  Until.project.itss.group8.itss.ConnectionPool - Create pool
2023-07-06 18:14:24.559 [JavaFX Application Thread] ERROR Until.project.itss.group8.itss.ConnectionPool - Error when load DB config File:
java.io.FileNotFoundException: etc\database.config (The system cannot find the file specified)
	at java.io.FileInputStream.open0(Native Method) ~[?:?]
	at java.io.FileInputStream.open(FileInputStream.java:216) ~[?:?]
	at java.io.FileInputStream.<init>(FileInputStream.java:157) ~[?:?]
	at java.io.FileInputStream.<init>(FileInputStream.java:111) ~[?:?]
	at Until.project.itss.group8.itss.ConnectionPool.loadConfig(ConnectionPool.java:47) ~[classes/:?]
	at Until.project.itss.group8.itss.ConnectionPool.<init>(ConnectionPool.java:33) ~[classes/:?]
	at Until.project.itss.group8.itss.ConnectionPool.getInstance(ConnectionPool.java:40) ~[classes/:?]
	at controller.project.itss.group8.itss.LoginController.initialize(LoginController.java:52) ~[classes/:?]
	at javafx.fxml.FXMLLoader.loadImpl(FXMLLoader.java:2655) ~[javafx-fxml-17.0.2-win.jar:?]
	at javafx.fxml.FXMLLoader.loadImpl(FXMLLoader.java:2548) ~[javafx-fxml-17.0.2-win.jar:?]
	at javafx.fxml.FXMLLoader.load(FXMLLoader.java:2516) ~[javafx-fxml-17.0.2-win.jar:?]
	at project.itss.group8.itss.HelloApplication.start(HelloApplication.java:20) ~[classes/:?]
	at com.sun.javafx.application.LauncherImpl.lambda$launchApplication1$9(LauncherImpl.java:847) ~[javafx-graphics-17.0.2-win.jar:?]
	at com.sun.javafx.application.PlatformImpl.lambda$runAndWait$12(PlatformImpl.java:484) ~[javafx-graphics-17.0.2-win.jar:?]
	at com.sun.javafx.application.PlatformImpl.lambda$runLater$10(PlatformImpl.java:457) ~[javafx-graphics-17.0.2-win.jar:?]
	at java.security.AccessController.doPrivileged(AccessController.java:399) ~[?:?]
	at com.sun.javafx.application.PlatformImpl.lambda$runLater$11(PlatformImpl.java:456) ~[javafx-graphics-17.0.2-win.jar:?]
	at com.sun.glass.ui.InvokeLaterDispatcher$Future.run(InvokeLaterDispatcher.java:96) ~[javafx-graphics-17.0.2-win.jar:?]
	at com.sun.glass.ui.win.WinApplication._runLoop(Native Method) ~[javafx-graphics-17.0.2-win.jar:?]
	at com.sun.glass.ui.win.WinApplication.lambda$runLoop$3(WinApplication.java:184) ~[javafx-graphics-17.0.2-win.jar:?]
	at java.lang.Thread.run(Thread.java:833) [?:?]
2023-07-06 18:17:15.051 [JavaFX Application Thread] INFO  Until.project.itss.group8.itss.ConnectionPool - Create pool
2023-07-06 18:17:15.052 [JavaFX Application Thread] INFO  Until.project.itss.group8.itss.ConnectionPool - Load conf database OK
2023-07-06 18:18:30.735 [JavaFX Application Thread] INFO  controller.project.itss.group8.itss.LoginController - Start login user: 20201111 , pass: 1
2023-07-06 18:18:30.746 [JavaFX Application Thread] INFO  controller.project.itss.group8.itss.LoginController - Login Success
2023-07-06 18:18:37.795 [JavaFX Application Thread] INFO  Impl.subsystem.project.itss.group8.itss.EmployeeInforRepositoryImpl - Unit ID: 1
2023-07-06 18:18:54.546 [JavaFX Application Thread] INFO  Impl.subsystem.project.itss.group8.itss.EmployeeInforRepositoryImpl - Unit ID: 1
2023-07-06 18:27:08.644 [JavaFX Application Thread] ERROR controller.project.itss.group8.itss.SearchInfEmployeeUnitController - Error when searchEmployee:
javafx.fxml.LoadException: 
/C:/Hoc/ITSS/ITSS_Nhom8/ITSS/target/classes/project/itss/group11/itss/view/manager/OverViewEmployeeUnit.fxml

	at javafx.fxml.FXMLLoader.constructLoadException(FXMLLoader.java:2707) ~[javafx-fxml-17.0.2-win.jar:?]
	at javafx.fxml.FXMLLoader.loadImpl(FXMLLoader.java:2677) ~[javafx-fxml-17.0.2-win.jar:?]
	at javafx.fxml.FXMLLoader.loadImpl(FXMLLoader.java:2548) ~[javafx-fxml-17.0.2-win.jar:?]
	at javafx.fxml.FXMLLoader.load(FXMLLoader.java:2516) ~[javafx-fxml-17.0.2-win.jar:?]
	at controller.project.itss.group8.itss.WorkspaceController.changeWorkspace(WorkspaceController.java:25) ~[classes/:?]
	at controller.project.itss.group8.itss.SearchInfEmployeeUnitController.onSearchEmplyee(SearchInfEmployeeUnitController.java:71) ~[classes/:?]
	at jdk.internal.reflect.NativeMethodAccessorImpl.invoke0(Native Method) ~[?:?]
	at jdk.internal.reflect.NativeMethodAccessorImpl.invoke(NativeMethodAccessorImpl.java:77) ~[?:?]
	at jdk.internal.reflect.DelegatingMethodAccessorImpl.invoke(DelegatingMethodAccessorImpl.java:43) ~[?:?]
	at java.lang.reflect.Method.invoke(Method.java:568) ~[?:?]
	at com.sun.javafx.reflect.Trampoline.invoke(MethodUtil.java:77) ~[javafx-base-17.0.2-win.jar:?]
	at jdk.internal.reflect.GeneratedMethodAccessor2.invoke(Unknown Source) ~[?:?]
	at jdk.internal.reflect.DelegatingMethodAccessorImpl.invoke(DelegatingMethodAccessorImpl.java:43) ~[?:?]
	at java.lang.reflect.Method.invoke(Method.java:568) ~[?:?]
	at com.sun.javafx.reflect.MethodUtil.invoke(MethodUtil.java:275) ~[javafx-base-17.0.2-win.jar:?]
	at com.sun.javafx.fxml.MethodHelper.invoke(MethodHelper.java:84) ~[javafx-fxml-17.0.2-win.jar:?]
	at javafx.fxml.FXMLLoader$MethodHandler.invoke(FXMLLoader.java:1852) ~[javafx-fxml-17.0.2-win.jar:?]
	at javafx.fxml.FXMLLoader$ControllerMethodEventHandler.handle(FXMLLoader.java:1724) ~[javafx-fxml-17.0.2-win.jar:?]
	at com.sun.javafx.event.CompositeEventHandler.dispatchBubblingEvent(CompositeEventHandler.java:86) ~[javafx-base-17.0.2-win.jar:?]
	at com.sun.javafx.event.EventHandlerManager.dispatchBubblingEvent(EventHandlerManager.java:234) ~[javafx-base-17.0.2-win.jar:?]
	at com.sun.javafx.event.EventHandlerManager.dispatchBubblingEvent(EventHandlerManager.java:191) ~[javafx-base-17.0.2-win.jar:?]
	at com.sun.javafx.event.CompositeEventDispatcher.dispatchBubblingEvent(CompositeEventDispatcher.java:59) ~[javafx-base-17.0.2-win.jar:?]
	at com.sun.javafx.event.BasicEventDispatcher.dispatchEvent(BasicEventDispatcher.java:58) ~[javafx-base-17.0.2-win.jar:?]
	at com.sun.javafx.event.EventDispatchChainImpl.dispatchEvent(EventDispatchChainImpl.java:114) ~[javafx-base-17.0.2-win.jar:?]
	at com.sun.javafx.event.BasicEventDispatcher.dispatchEvent(BasicEventDispatcher.java:56) ~[javafx-base-17.0.2-win.jar:?]
	at com.sun.javafx.event.EventDispatchChainImpl.dispatchEvent(EventDispatchChainImpl.java:114) ~[javafx-base-17.0.2-win.jar:?]
	at com.sun.javafx.event.BasicEventDispatcher.dispatchEvent(BasicEventDispatcher.java:56) ~[javafx-base-17.0.2-win.jar:?]
	at com.sun.javafx.event.EventDispatchChainImpl.dispatchEvent(EventDispatchChainImpl.java:114) ~[javafx-base-17.0.2-win.jar:?]
	at com.sun.javafx.event.BasicEventDispatcher.dispatchEvent(BasicEventDispatcher.java:56) ~[javafx-base-17.0.2-win.jar:?]
	at com.sun.javafx.event.EventDispatchChainImpl.dispatchEvent(EventDispatchChainImpl.java:114) ~[javafx-base-17.0.2-win.jar:?]
	at com.sun.javafx.event.EventUtil.fireEventImpl(EventUtil.java:74) ~[javafx-base-17.0.2-win.jar:?]
	at com.sun.javafx.event.EventUtil.fireEvent(EventUtil.java:49) ~[javafx-base-17.0.2-win.jar:?]
	at javafx.event.Event.fireEvent(Event.java:198) ~[javafx-base-17.0.2-win.jar:?]
	at javafx.scene.Node.fireEvent(Node.java:8792) ~[javafx-graphics-17.0.2-win.jar:?]
	at javafx.scene.control.Button.fire(Button.java:203) ~[javafx-controls-17.0.2-win.jar:?]
	at com.sun.javafx.scene.control.behavior.ButtonBehavior.mouseReleased(ButtonBehavior.java:208) ~[javafx-controls-17.0.2-win.jar:?]
	at com.sun.javafx.scene.control.inputmap.InputMap.handle(InputMap.java:274) ~[javafx-controls-17.0.2-win.jar:?]
	at com.sun.javafx.event.CompositeEventHandler$NormalEventHandlerRecord.handleBubblingEvent(CompositeEventHandler.java:247) ~[javafx-base-17.0.2-win.jar:?]
	at com.sun.javafx.event.CompositeEventHandler.dispatchBubblingEvent(CompositeEventHandler.java:80) ~[javafx-base-17.0.2-win.jar:?]
	at com.sun.javafx.event.EventHandlerManager.dispatchBubblingEvent(EventHandlerManager.java:234) ~[javafx-base-17.0.2-win.jar:?]
	at com.sun.javafx.event.EventHandlerManager.dispatchBubblingEvent(EventHandlerManager.java:191) ~[javafx-base-17.0.2-win.jar:?]
	at com.sun.javafx.event.CompositeEventDispatcher.dispatchBubblingEvent(CompositeEventDispatcher.java:59) ~[javafx-base-17.0.2-win.jar:?]
	at com.sun.javafx.event.BasicEventDispatcher.dispatchEvent(BasicEventDispatcher.java:58) ~[javafx-base-17.0.2-win.jar:?]
	at com.sun.javafx.event.EventDispatchChainImpl.dispatchEvent(EventDispatchChainImpl.java:114) ~[javafx-base-17.0.2-win.jar:?]
	at com.sun.javafx.event.BasicEventDispatcher.dispatchEvent(BasicEventDispatcher.java:56) ~[javafx-base-17.0.2-win.jar:?]
	at com.sun.javafx.event.EventDispatchChainImpl.dispatchEvent(EventDispatchChainImpl.java:114) ~[javafx-base-17.0.2-win.jar:?]
	at com.sun.javafx.event.BasicEventDispatcher.dispatchEvent(BasicEventDispatcher.java:56) ~[javafx-base-17.0.2-win.jar:?]
	at com.sun.javafx.event.EventDispatchChainImpl.dispatchEvent(EventDispatchChainImpl.java:114) ~[javafx-base-17.0.2-win.jar:?]
	at com.sun.javafx.event.BasicEventDispatcher.dispatchEvent(BasicEventDispatcher.java:56) ~[javafx-base-17.0.2-win.jar:?]
	at com.sun.javafx.event.EventDispatchChainImpl.dispatchEvent(EventDispatchChainImpl.java:114) ~[javafx-base-17.0.2-win.jar:?]
	at com.sun.javafx.event.EventUtil.fireEventImpl(EventUtil.java:74) ~[javafx-base-17.0.2-win.jar:?]
	at com.sun.javafx.event.EventUtil.fireEvent(EventUtil.java:54) ~[javafx-base-17.0.2-win.jar:?]
	at javafx.event.Event.fireEvent(Event.java:198) ~[javafx-base-17.0.2-win.jar:?]
	at javafx.scene.Scene$MouseHandler.process(Scene.java:3897) ~[javafx-graphics-17.0.2-win.jar:?]
	at javafx.scene.Scene.processMouseEvent(Scene.java:1878) ~[javafx-graphics-17.0.2-win.jar:?]
	at javafx.scene.Scene$ScenePeerListener.mouseEvent(Scene.java:2623) ~[javafx-graphics-17.0.2-win.jar:?]
	at com.sun.javafx.tk.quantum.GlassViewEventHandler$MouseEventNotification.run(GlassViewEventHandler.java:411) ~[javafx-graphics-17.0.2-win.jar:?]
	at com.sun.javafx.tk.quantum.GlassViewEventHandler$MouseEventNotification.run(GlassViewEventHandler.java:301) ~[javafx-graphics-17.0.2-win.jar:?]
	at java.security.AccessController.doPrivileged(AccessController.java:399) ~[?:?]
	at com.sun.javafx.tk.quantum.GlassViewEventHandler.lambda$handleMouseEvent$2(GlassViewEventHandler.java:450) ~[javafx-graphics-17.0.2-win.jar:?]
	at com.sun.javafx.tk.quantum.QuantumToolkit.runWithoutRenderLock(QuantumToolkit.java:424) ~[javafx-graphics-17.0.2-win.jar:?]
	at com.sun.javafx.tk.quantum.GlassViewEventHandler.handleMouseEvent(GlassViewEventHandler.java:449) ~[javafx-graphics-17.0.2-win.jar:?]
	at com.sun.glass.ui.View.handleMouseEvent(View.java:557) ~[javafx-graphics-17.0.2-win.jar:?]
	at com.sun.glass.ui.View.notifyMouse(View.java:943) ~[javafx-graphics-17.0.2-win.jar:?]
	at com.sun.glass.ui.win.WinApplication._runLoop(Native Method) ~[javafx-graphics-17.0.2-win.jar:?]
	at com.sun.glass.ui.win.WinApplication.lambda$runLoop$3(WinApplication.java:184) ~[javafx-graphics-17.0.2-win.jar:?]
	at java.lang.Thread.run(Thread.java:833) [?:?]
Caused by: java.lang.reflect.InvocationTargetException
	at jdk.internal.reflect.NativeMethodAccessorImpl.invoke0(Native Method) ~[?:?]
	at jdk.internal.reflect.NativeMethodAccessorImpl.invoke(NativeMethodAccessorImpl.java:77) ~[?:?]
	at jdk.internal.reflect.DelegatingMethodAccessorImpl.invoke(DelegatingMethodAccessorImpl.java:43) ~[?:?]
	at java.lang.reflect.Method.invoke(Method.java:568) ~[?:?]
	at com.sun.javafx.reflect.Trampoline.invoke(MethodUtil.java:77) ~[javafx-base-17.0.2-win.jar:?]
	at jdk.internal.reflect.GeneratedMethodAccessor2.invoke(Unknown Source) ~[?:?]
	at jdk.internal.reflect.DelegatingMethodAccessorImpl.invoke(DelegatingMethodAccessorImpl.java:43) ~[?:?]
	at java.lang.reflect.Method.invoke(Method.java:568) ~[?:?]
	at com.sun.javafx.reflect.MethodUtil.invoke(MethodUtil.java:275) ~[javafx-base-17.0.2-win.jar:?]
	at com.sun.javafx.fxml.MethodHelper.invoke(MethodHelper.java:84) ~[javafx-fxml-17.0.2-win.jar:?]
	at javafx.fxml.FXMLLoader.loadImpl(FXMLLoader.java:2673) ~[javafx-fxml-17.0.2-win.jar:?]
	... 65 more
Caused by: java.lang.NullPointerException: Cannot invoke "model.project.itss.group8.itss.Employee.getName()" because the return value of "helper.project.itss.group8.itss.LoginService.getUserInfor(int)" is null
	at controller.project.itss.group8.itss.OverViewInforEmployeeUnitController.initialize(OverViewInforEmployeeUnitController.java:80) ~[classes/:?]
	at jdk.internal.reflect.NativeMethodAccessorImpl.invoke0(Native Method) ~[?:?]
	at jdk.internal.reflect.NativeMethodAccessorImpl.invoke(NativeMethodAccessorImpl.java:77) ~[?:?]
	at jdk.internal.reflect.DelegatingMethodAccessorImpl.invoke(DelegatingMethodAccessorImpl.java:43) ~[?:?]
	at java.lang.reflect.Method.invoke(Method.java:568) ~[?:?]
	at com.sun.javafx.reflect.Trampoline.invoke(MethodUtil.java:77) ~[javafx-base-17.0.2-win.jar:?]
	at jdk.internal.reflect.GeneratedMethodAccessor2.invoke(Unknown Source) ~[?:?]
	at jdk.internal.reflect.DelegatingMethodAccessorImpl.invoke(DelegatingMethodAccessorImpl.java:43) ~[?:?]
	at java.lang.reflect.Method.invoke(Method.java:568) ~[?:?]
	at com.sun.javafx.reflect.MethodUtil.invoke(MethodUtil.java:275) ~[javafx-base-17.0.2-win.jar:?]
	at com.sun.javafx.fxml.MethodHelper.invoke(MethodHelper.java:84) ~[javafx-fxml-17.0.2-win.jar:?]
	at javafx.fxml.FXMLLoader.loadImpl(FXMLLoader.java:2673) ~[javafx-fxml-17.0.2-win.jar:?]
	... 65 more
2023-07-06 18:27:09.732 [JavaFX Application Thread] ERROR controller.project.itss.group8.itss.SearchInfEmployeeUnitController - Error when searchEmployee:
javafx.fxml.LoadException: 
/C:/Hoc/ITSS/ITSS_Nhom8/ITSS/target/classes/project/itss/group11/itss/view/manager/OverViewEmployeeUnit.fxml

	at javafx.fxml.FXMLLoader.constructLoadException(FXMLLoader.java:2707) ~[javafx-fxml-17.0.2-win.jar:?]
	at javafx.fxml.FXMLLoader.loadImpl(FXMLLoader.java:2677) ~[javafx-fxml-17.0.2-win.jar:?]
	at javafx.fxml.FXMLLoader.loadImpl(FXMLLoader.java:2548) ~[javafx-fxml-17.0.2-win.jar:?]
	at javafx.fxml.FXMLLoader.load(FXMLLoader.java:2516) ~[javafx-fxml-17.0.2-win.jar:?]
	at controller.project.itss.group8.itss.WorkspaceController.changeWorkspace(WorkspaceController.java:25) ~[classes/:?]
	at controller.project.itss.group8.itss.SearchInfEmployeeUnitController.onSearchEmplyee(SearchInfEmployeeUnitController.java:71) ~[classes/:?]
	at jdk.internal.reflect.NativeMethodAccessorImpl.invoke0(Native Method) ~[?:?]
	at jdk.internal.reflect.NativeMethodAccessorImpl.invoke(NativeMethodAccessorImpl.java:77) ~[?:?]
	at jdk.internal.reflect.DelegatingMethodAccessorImpl.invoke(DelegatingMethodAccessorImpl.java:43) ~[?:?]
	at java.lang.reflect.Method.invoke(Method.java:568) ~[?:?]
	at com.sun.javafx.reflect.Trampoline.invoke(MethodUtil.java:77) ~[javafx-base-17.0.2-win.jar:?]
	at jdk.internal.reflect.GeneratedMethodAccessor2.invoke(Unknown Source) ~[?:?]
	at jdk.internal.reflect.DelegatingMethodAccessorImpl.invoke(DelegatingMethodAccessorImpl.java:43) ~[?:?]
	at java.lang.reflect.Method.invoke(Method.java:568) ~[?:?]
	at com.sun.javafx.reflect.MethodUtil.invoke(MethodUtil.java:275) ~[javafx-base-17.0.2-win.jar:?]
	at com.sun.javafx.fxml.MethodHelper.invoke(MethodHelper.java:84) ~[javafx-fxml-17.0.2-win.jar:?]
	at javafx.fxml.FXMLLoader$MethodHandler.invoke(FXMLLoader.java:1852) ~[javafx-fxml-17.0.2-win.jar:?]
	at javafx.fxml.FXMLLoader$ControllerMethodEventHandler.handle(FXMLLoader.java:1724) ~[javafx-fxml-17.0.2-win.jar:?]
	at com.sun.javafx.event.CompositeEventHandler.dispatchBubblingEvent(CompositeEventHandler.java:86) ~[javafx-base-17.0.2-win.jar:?]
	at com.sun.javafx.event.EventHandlerManager.dispatchBubblingEvent(EventHandlerManager.java:234) ~[javafx-base-17.0.2-win.jar:?]
	at com.sun.javafx.event.EventHandlerManager.dispatchBubblingEvent(EventHandlerManager.java:191) ~[javafx-base-17.0.2-win.jar:?]
	at com.sun.javafx.event.CompositeEventDispatcher.dispatchBubblingEvent(CompositeEventDispatcher.java:59) ~[javafx-base-17.0.2-win.jar:?]
	at com.sun.javafx.event.BasicEventDispatcher.dispatchEvent(BasicEventDispatcher.java:58) ~[javafx-base-17.0.2-win.jar:?]
	at com.sun.javafx.event.EventDispatchChainImpl.dispatchEvent(EventDispatchChainImpl.java:114) ~[javafx-base-17.0.2-win.jar:?]
	at com.sun.javafx.event.BasicEventDispatcher.dispatchEvent(BasicEventDispatcher.java:56) ~[javafx-base-17.0.2-win.jar:?]
	at com.sun.javafx.event.EventDispatchChainImpl.dispatchEvent(EventDispatchChainImpl.java:114) ~[javafx-base-17.0.2-win.jar:?]
	at com.sun.javafx.event.BasicEventDispatcher.dispatchEvent(BasicEventDispatcher.java:56) ~[javafx-base-17.0.2-win.jar:?]
	at com.sun.javafx.event.EventDispatchChainImpl.dispatchEvent(EventDispatchChainImpl.java:114) ~[javafx-base-17.0.2-win.jar:?]
	at com.sun.javafx.event.BasicEventDispatcher.dispatchEvent(BasicEventDispatcher.java:56) ~[javafx-base-17.0.2-win.jar:?]
	at com.sun.javafx.event.EventDispatchChainImpl.dispatchEvent(EventDispatchChainImpl.java:114) ~[javafx-base-17.0.2-win.jar:?]
	at com.sun.javafx.event.EventUtil.fireEventImpl(EventUtil.java:74) ~[javafx-base-17.0.2-win.jar:?]
	at com.sun.javafx.event.EventUtil.fireEvent(EventUtil.java:49) ~[javafx-base-17.0.2-win.jar:?]
	at javafx.event.Event.fireEvent(Event.java:198) ~[javafx-base-17.0.2-win.jar:?]
	at javafx.scene.Node.fireEvent(Node.java:8792) ~[javafx-graphics-17.0.2-win.jar:?]
	at javafx.scene.control.Button.fire(Button.java:203) ~[javafx-controls-17.0.2-win.jar:?]
	at com.sun.javafx.scene.control.behavior.ButtonBehavior.mouseReleased(ButtonBehavior.java:208) ~[javafx-controls-17.0.2-win.jar:?]
	at com.sun.javafx.scene.control.inputmap.InputMap.handle(InputMap.java:274) ~[javafx-controls-17.0.2-win.jar:?]
	at com.sun.javafx.event.CompositeEventHandler$NormalEventHandlerRecord.handleBubblingEvent(CompositeEventHandler.java:247) ~[javafx-base-17.0.2-win.jar:?]
	at com.sun.javafx.event.CompositeEventHandler.dispatchBubblingEvent(CompositeEventHandler.java:80) ~[javafx-base-17.0.2-win.jar:?]
	at com.sun.javafx.event.EventHandlerManager.dispatchBubblingEvent(EventHandlerManager.java:234) ~[javafx-base-17.0.2-win.jar:?]
	at com.sun.javafx.event.EventHandlerManager.dispatchBubblingEvent(EventHandlerManager.java:191) ~[javafx-base-17.0.2-win.jar:?]
	at com.sun.javafx.event.CompositeEventDispatcher.dispatchBubblingEvent(CompositeEventDispatcher.java:59) ~[javafx-base-17.0.2-win.jar:?]
	at com.sun.javafx.event.BasicEventDispatcher.dispatchEvent(BasicEventDispatcher.java:58) ~[javafx-base-17.0.2-win.jar:?]
	at com.sun.javafx.event.EventDispatchChainImpl.dispatchEvent(EventDispatchChainImpl.java:114) ~[javafx-base-17.0.2-win.jar:?]
	at com.sun.javafx.event.BasicEventDispatcher.dispatchEvent(BasicEventDispatcher.java:56) ~[javafx-base-17.0.2-win.jar:?]
	at com.sun.javafx.event.EventDispatchChainImpl.dispatchEvent(EventDispatchChainImpl.java:114) ~[javafx-base-17.0.2-win.jar:?]
	at com.sun.javafx.event.BasicEventDispatcher.dispatchEvent(BasicEventDispatcher.java:56) ~[javafx-base-17.0.2-win.jar:?]
	at com.sun.javafx.event.EventDispatchChainImpl.dispatchEvent(EventDispatchChainImpl.java:114) ~[javafx-base-17.0.2-win.jar:?]
	at com.sun.javafx.event.BasicEventDispatcher.dispatchEvent(BasicEventDispatcher.java:56) ~[javafx-base-17.0.2-win.jar:?]
	at com.sun.javafx.event.EventDispatchChainImpl.dispatchEvent(EventDispatchChainImpl.java:114) ~[javafx-base-17.0.2-win.jar:?]
	at com.sun.javafx.event.EventUtil.fireEventImpl(EventUtil.java:74) ~[javafx-base-17.0.2-win.jar:?]
	at com.sun.javafx.event.EventUtil.fireEvent(EventUtil.java:54) ~[javafx-base-17.0.2-win.jar:?]
	at javafx.event.Event.fireEvent(Event.java:198) ~[javafx-base-17.0.2-win.jar:?]
	at javafx.scene.Scene$MouseHandler.process(Scene.java:3897) ~[javafx-graphics-17.0.2-win.jar:?]
	at javafx.scene.Scene.processMouseEvent(Scene.java:1878) ~[javafx-graphics-17.0.2-win.jar:?]
	at javafx.scene.Scene$ScenePeerListener.mouseEvent(Scene.java:2623) ~[javafx-graphics-17.0.2-win.jar:?]
	at com.sun.javafx.tk.quantum.GlassViewEventHandler$MouseEventNotification.run(GlassViewEventHandler.java:411) ~[javafx-graphics-17.0.2-win.jar:?]
	at com.sun.javafx.tk.quantum.GlassViewEventHandler$MouseEventNotification.run(GlassViewEventHandler.java:301) ~[javafx-graphics-17.0.2-win.jar:?]
	at java.security.AccessController.doPrivileged(AccessController.java:399) ~[?:?]
	at com.sun.javafx.tk.quantum.GlassViewEventHandler.lambda$handleMouseEvent$2(GlassViewEventHandler.java:450) ~[javafx-graphics-17.0.2-win.jar:?]
	at com.sun.javafx.tk.quantum.QuantumToolkit.runWithoutRenderLock(QuantumToolkit.java:424) ~[javafx-graphics-17.0.2-win.jar:?]
	at com.sun.javafx.tk.quantum.GlassViewEventHandler.handleMouseEvent(GlassViewEventHandler.java:449) ~[javafx-graphics-17.0.2-win.jar:?]
	at com.sun.glass.ui.View.handleMouseEvent(View.java:557) ~[javafx-graphics-17.0.2-win.jar:?]
	at com.sun.glass.ui.View.notifyMouse(View.java:943) ~[javafx-graphics-17.0.2-win.jar:?]
	at com.sun.glass.ui.win.WinApplication._runLoop(Native Method) ~[javafx-graphics-17.0.2-win.jar:?]
	at com.sun.glass.ui.win.WinApplication.lambda$runLoop$3(WinApplication.java:184) ~[javafx-graphics-17.0.2-win.jar:?]
	at java.lang.Thread.run(Thread.java:833) [?:?]
Caused by: java.lang.reflect.InvocationTargetException
	at jdk.internal.reflect.NativeMethodAccessorImpl.invoke0(Native Method) ~[?:?]
	at jdk.internal.reflect.NativeMethodAccessorImpl.invoke(NativeMethodAccessorImpl.java:77) ~[?:?]
	at jdk.internal.reflect.DelegatingMethodAccessorImpl.invoke(DelegatingMethodAccessorImpl.java:43) ~[?:?]
	at java.lang.reflect.Method.invoke(Method.java:568) ~[?:?]
	at com.sun.javafx.reflect.Trampoline.invoke(MethodUtil.java:77) ~[javafx-base-17.0.2-win.jar:?]
	at jdk.internal.reflect.GeneratedMethodAccessor2.invoke(Unknown Source) ~[?:?]
	at jdk.internal.reflect.DelegatingMethodAccessorImpl.invoke(DelegatingMethodAccessorImpl.java:43) ~[?:?]
	at java.lang.reflect.Method.invoke(Method.java:568) ~[?:?]
	at com.sun.javafx.reflect.MethodUtil.invoke(MethodUtil.java:275) ~[javafx-base-17.0.2-win.jar:?]
	at com.sun.javafx.fxml.MethodHelper.invoke(MethodHelper.java:84) ~[javafx-fxml-17.0.2-win.jar:?]
	at javafx.fxml.FXMLLoader.loadImpl(FXMLLoader.java:2673) ~[javafx-fxml-17.0.2-win.jar:?]
	... 65 more
Caused by: java.lang.NullPointerException: Cannot invoke "model.project.itss.group8.itss.Employee.getName()" because the return value of "helper.project.itss.group8.itss.LoginService.getUserInfor(int)" is null
	at controller.project.itss.group8.itss.OverViewInforEmployeeUnitController.initialize(OverViewInforEmployeeUnitController.java:80) ~[classes/:?]
	at jdk.internal.reflect.NativeMethodAccessorImpl.invoke0(Native Method) ~[?:?]
	at jdk.internal.reflect.NativeMethodAccessorImpl.invoke(NativeMethodAccessorImpl.java:77) ~[?:?]
	at jdk.internal.reflect.DelegatingMethodAccessorImpl.invoke(DelegatingMethodAccessorImpl.java:43) ~[?:?]
	at java.lang.reflect.Method.invoke(Method.java:568) ~[?:?]
	at com.sun.javafx.reflect.Trampoline.invoke(MethodUtil.java:77) ~[javafx-base-17.0.2-win.jar:?]
	at jdk.internal.reflect.GeneratedMethodAccessor2.invoke(Unknown Source) ~[?:?]
	at jdk.internal.reflect.DelegatingMethodAccessorImpl.invoke(DelegatingMethodAccessorImpl.java:43) ~[?:?]
	at java.lang.reflect.Method.invoke(Method.java:568) ~[?:?]
	at com.sun.javafx.reflect.MethodUtil.invoke(MethodUtil.java:275) ~[javafx-base-17.0.2-win.jar:?]
	at com.sun.javafx.fxml.MethodHelper.invoke(MethodHelper.java:84) ~[javafx-fxml-17.0.2-win.jar:?]
	at javafx.fxml.FXMLLoader.loadImpl(FXMLLoader.java:2673) ~[javafx-fxml-17.0.2-win.jar:?]
	... 65 more
2023-07-06 18:27:09.911 [JavaFX Application Thread] ERROR controller.project.itss.group8.itss.SearchInfEmployeeUnitController - Error when searchEmployee:
javafx.fxml.LoadException: 
/C:/Hoc/ITSS/ITSS_Nhom8/ITSS/target/classes/project/itss/group11/itss/view/manager/OverViewEmployeeUnit.fxml

	at javafx.fxml.FXMLLoader.constructLoadException(FXMLLoader.java:2707) ~[javafx-fxml-17.0.2-win.jar:?]
	at javafx.fxml.FXMLLoader.loadImpl(FXMLLoader.java:2677) ~[javafx-fxml-17.0.2-win.jar:?]
	at javafx.fxml.FXMLLoader.loadImpl(FXMLLoader.java:2548) ~[javafx-fxml-17.0.2-win.jar:?]
	at javafx.fxml.FXMLLoader.load(FXMLLoader.java:2516) ~[javafx-fxml-17.0.2-win.jar:?]
	at controller.project.itss.group8.itss.WorkspaceController.changeWorkspace(WorkspaceController.java:25) ~[classes/:?]
	at controller.project.itss.group8.itss.SearchInfEmployeeUnitController.onSearchEmplyee(SearchInfEmployeeUnitController.java:71) ~[classes/:?]
	at jdk.internal.reflect.NativeMethodAccessorImpl.invoke0(Native Method) ~[?:?]
	at jdk.internal.reflect.NativeMethodAccessorImpl.invoke(NativeMethodAccessorImpl.java:77) ~[?:?]
	at jdk.internal.reflect.DelegatingMethodAccessorImpl.invoke(DelegatingMethodAccessorImpl.java:43) ~[?:?]
	at java.lang.reflect.Method.invoke(Method.java:568) ~[?:?]
	at com.sun.javafx.reflect.Trampoline.invoke(MethodUtil.java:77) ~[javafx-base-17.0.2-win.jar:?]
	at jdk.internal.reflect.GeneratedMethodAccessor2.invoke(Unknown Source) ~[?:?]
	at jdk.internal.reflect.DelegatingMethodAccessorImpl.invoke(DelegatingMethodAccessorImpl.java:43) ~[?:?]
	at java.lang.reflect.Method.invoke(Method.java:568) ~[?:?]
	at com.sun.javafx.reflect.MethodUtil.invoke(MethodUtil.java:275) ~[javafx-base-17.0.2-win.jar:?]
	at com.sun.javafx.fxml.MethodHelper.invoke(MethodHelper.java:84) ~[javafx-fxml-17.0.2-win.jar:?]
	at javafx.fxml.FXMLLoader$MethodHandler.invoke(FXMLLoader.java:1852) ~[javafx-fxml-17.0.2-win.jar:?]
	at javafx.fxml.FXMLLoader$ControllerMethodEventHandler.handle(FXMLLoader.java:1724) ~[javafx-fxml-17.0.2-win.jar:?]
	at com.sun.javafx.event.CompositeEventHandler.dispatchBubblingEvent(CompositeEventHandler.java:86) ~[javafx-base-17.0.2-win.jar:?]
	at com.sun.javafx.event.EventHandlerManager.dispatchBubblingEvent(EventHandlerManager.java:234) ~[javafx-base-17.0.2-win.jar:?]
	at com.sun.javafx.event.EventHandlerManager.dispatchBubblingEvent(EventHandlerManager.java:191) ~[javafx-base-17.0.2-win.jar:?]
	at com.sun.javafx.event.CompositeEventDispatcher.dispatchBubblingEvent(CompositeEventDispatcher.java:59) ~[javafx-base-17.0.2-win.jar:?]
	at com.sun.javafx.event.BasicEventDispatcher.dispatchEvent(BasicEventDispatcher.java:58) ~[javafx-base-17.0.2-win.jar:?]
	at com.sun.javafx.event.EventDispatchChainImpl.dispatchEvent(EventDispatchChainImpl.java:114) ~[javafx-base-17.0.2-win.jar:?]
	at com.sun.javafx.event.BasicEventDispatcher.dispatchEvent(BasicEventDispatcher.java:56) ~[javafx-base-17.0.2-win.jar:?]
	at com.sun.javafx.event.EventDispatchChainImpl.dispatchEvent(EventDispatchChainImpl.java:114) ~[javafx-base-17.0.2-win.jar:?]
	at com.sun.javafx.event.BasicEventDispatcher.dispatchEvent(BasicEventDispatcher.java:56) ~[javafx-base-17.0.2-win.jar:?]
	at com.sun.javafx.event.EventDispatchChainImpl.dispatchEvent(EventDispatchChainImpl.java:114) ~[javafx-base-17.0.2-win.jar:?]
	at com.sun.javafx.event.BasicEventDispatcher.dispatchEvent(BasicEventDispatcher.java:56) ~[javafx-base-17.0.2-win.jar:?]
	at com.sun.javafx.event.EventDispatchChainImpl.dispatchEvent(EventDispatchChainImpl.java:114) ~[javafx-base-17.0.2-win.jar:?]
	at com.sun.javafx.event.EventUtil.fireEventImpl(EventUtil.java:74) ~[javafx-base-17.0.2-win.jar:?]
	at com.sun.javafx.event.EventUtil.fireEvent(EventUtil.java:49) ~[javafx-base-17.0.2-win.jar:?]
	at javafx.event.Event.fireEvent(Event.java:198) ~[javafx-base-17.0.2-win.jar:?]
	at javafx.scene.Node.fireEvent(Node.java:8792) ~[javafx-graphics-17.0.2-win.jar:?]
	at javafx.scene.control.Button.fire(Button.java:203) ~[javafx-controls-17.0.2-win.jar:?]
	at com.sun.javafx.scene.control.behavior.ButtonBehavior.mouseReleased(ButtonBehavior.java:208) ~[javafx-controls-17.0.2-win.jar:?]
	at com.sun.javafx.scene.control.inputmap.InputMap.handle(InputMap.java:274) ~[javafx-controls-17.0.2-win.jar:?]
	at com.sun.javafx.event.CompositeEventHandler$NormalEventHandlerRecord.handleBubblingEvent(CompositeEventHandler.java:247) ~[javafx-base-17.0.2-win.jar:?]
	at com.sun.javafx.event.CompositeEventHandler.dispatchBubblingEvent(CompositeEventHandler.java:80) ~[javafx-base-17.0.2-win.jar:?]
	at com.sun.javafx.event.EventHandlerManager.dispatchBubblingEvent(EventHandlerManager.java:234) ~[javafx-base-17.0.2-win.jar:?]
	at com.sun.javafx.event.EventHandlerManager.dispatchBubblingEvent(EventHandlerManager.java:191) ~[javafx-base-17.0.2-win.jar:?]
	at com.sun.javafx.event.CompositeEventDispatcher.dispatchBubblingEvent(CompositeEventDispatcher.java:59) ~[javafx-base-17.0.2-win.jar:?]
	at com.sun.javafx.event.BasicEventDispatcher.dispatchEvent(BasicEventDispatcher.java:58) ~[javafx-base-17.0.2-win.jar:?]
	at com.sun.javafx.event.EventDispatchChainImpl.dispatchEvent(EventDispatchChainImpl.java:114) ~[javafx-base-17.0.2-win.jar:?]
	at com.sun.javafx.event.BasicEventDispatcher.dispatchEvent(BasicEventDispatcher.java:56) ~[javafx-base-17.0.2-win.jar:?]
	at com.sun.javafx.event.EventDispatchChainImpl.dispatchEvent(EventDispatchChainImpl.java:114) ~[javafx-base-17.0.2-win.jar:?]
	at com.sun.javafx.event.BasicEventDispatcher.dispatchEvent(BasicEventDispatcher.java:56) ~[javafx-base-17.0.2-win.jar:?]
	at com.sun.javafx.event.EventDispatchChainImpl.dispatchEvent(EventDispatchChainImpl.java:114) ~[javafx-base-17.0.2-win.jar:?]
	at com.sun.javafx.event.BasicEventDispatcher.dispatchEvent(BasicEventDispatcher.java:56) ~[javafx-base-17.0.2-win.jar:?]
	at com.sun.javafx.event.EventDispatchChainImpl.dispatchEvent(EventDispatchChainImpl.java:114) ~[javafx-base-17.0.2-win.jar:?]
	at com.sun.javafx.event.EventUtil.fireEventImpl(EventUtil.java:74) ~[javafx-base-17.0.2-win.jar:?]
	at com.sun.javafx.event.EventUtil.fireEvent(EventUtil.java:54) ~[javafx-base-17.0.2-win.jar:?]
	at javafx.event.Event.fireEvent(Event.java:198) ~[javafx-base-17.0.2-win.jar:?]
	at javafx.scene.Scene$MouseHandler.process(Scene.java:3897) ~[javafx-graphics-17.0.2-win.jar:?]
	at javafx.scene.Scene.processMouseEvent(Scene.java:1878) ~[javafx-graphics-17.0.2-win.jar:?]
	at javafx.scene.Scene$ScenePeerListener.mouseEvent(Scene.java:2623) ~[javafx-graphics-17.0.2-win.jar:?]
	at com.sun.javafx.tk.quantum.GlassViewEventHandler$MouseEventNotification.run(GlassViewEventHandler.java:411) ~[javafx-graphics-17.0.2-win.jar:?]
	at com.sun.javafx.tk.quantum.GlassViewEventHandler$MouseEventNotification.run(GlassViewEventHandler.java:301) ~[javafx-graphics-17.0.2-win.jar:?]
	at java.security.AccessController.doPrivileged(AccessController.java:399) ~[?:?]
	at com.sun.javafx.tk.quantum.GlassViewEventHandler.lambda$handleMouseEvent$2(GlassViewEventHandler.java:450) ~[javafx-graphics-17.0.2-win.jar:?]
	at com.sun.javafx.tk.quantum.QuantumToolkit.runWithoutRenderLock(QuantumToolkit.java:424) ~[javafx-graphics-17.0.2-win.jar:?]
	at com.sun.javafx.tk.quantum.GlassViewEventHandler.handleMouseEvent(GlassViewEventHandler.java:449) ~[javafx-graphics-17.0.2-win.jar:?]
	at com.sun.glass.ui.View.handleMouseEvent(View.java:557) ~[javafx-graphics-17.0.2-win.jar:?]
	at com.sun.glass.ui.View.notifyMouse(View.java:943) ~[javafx-graphics-17.0.2-win.jar:?]
	at com.sun.glass.ui.win.WinApplication._runLoop(Native Method) ~[javafx-graphics-17.0.2-win.jar:?]
	at com.sun.glass.ui.win.WinApplication.lambda$runLoop$3(WinApplication.java:184) ~[javafx-graphics-17.0.2-win.jar:?]
	at java.lang.Thread.run(Thread.java:833) [?:?]
Caused by: java.lang.reflect.InvocationTargetException
	at jdk.internal.reflect.NativeMethodAccessorImpl.invoke0(Native Method) ~[?:?]
	at jdk.internal.reflect.NativeMethodAccessorImpl.invoke(NativeMethodAccessorImpl.java:77) ~[?:?]
	at jdk.internal.reflect.DelegatingMethodAccessorImpl.invoke(DelegatingMethodAccessorImpl.java:43) ~[?:?]
	at java.lang.reflect.Method.invoke(Method.java:568) ~[?:?]
	at com.sun.javafx.reflect.Trampoline.invoke(MethodUtil.java:77) ~[javafx-base-17.0.2-win.jar:?]
	at jdk.internal.reflect.GeneratedMethodAccessor2.invoke(Unknown Source) ~[?:?]
	at jdk.internal.reflect.DelegatingMethodAccessorImpl.invoke(DelegatingMethodAccessorImpl.java:43) ~[?:?]
	at java.lang.reflect.Method.invoke(Method.java:568) ~[?:?]
	at com.sun.javafx.reflect.MethodUtil.invoke(MethodUtil.java:275) ~[javafx-base-17.0.2-win.jar:?]
	at com.sun.javafx.fxml.MethodHelper.invoke(MethodHelper.java:84) ~[javafx-fxml-17.0.2-win.jar:?]
	at javafx.fxml.FXMLLoader.loadImpl(FXMLLoader.java:2673) ~[javafx-fxml-17.0.2-win.jar:?]
	... 65 more
Caused by: java.lang.NullPointerException: Cannot invoke "model.project.itss.group8.itss.Employee.getName()" because the return value of "helper.project.itss.group8.itss.LoginService.getUserInfor(int)" is null
	at controller.project.itss.group8.itss.OverViewInforEmployeeUnitController.initialize(OverViewInforEmployeeUnitController.java:80) ~[classes/:?]
	at jdk.internal.reflect.NativeMethodAccessorImpl.invoke0(Native Method) ~[?:?]
	at jdk.internal.reflect.NativeMethodAccessorImpl.invoke(NativeMethodAccessorImpl.java:77) ~[?:?]
	at jdk.internal.reflect.DelegatingMethodAccessorImpl.invoke(DelegatingMethodAccessorImpl.java:43) ~[?:?]
	at java.lang.reflect.Method.invoke(Method.java:568) ~[?:?]
	at com.sun.javafx.reflect.Trampoline.invoke(MethodUtil.java:77) ~[javafx-base-17.0.2-win.jar:?]
	at jdk.internal.reflect.GeneratedMethodAccessor2.invoke(Unknown Source) ~[?:?]
	at jdk.internal.reflect.DelegatingMethodAccessorImpl.invoke(DelegatingMethodAccessorImpl.java:43) ~[?:?]
	at java.lang.reflect.Method.invoke(Method.java:568) ~[?:?]
	at com.sun.javafx.reflect.MethodUtil.invoke(MethodUtil.java:275) ~[javafx-base-17.0.2-win.jar:?]
	at com.sun.javafx.fxml.MethodHelper.invoke(MethodHelper.java:84) ~[javafx-fxml-17.0.2-win.jar:?]
	at javafx.fxml.FXMLLoader.loadImpl(FXMLLoader.java:2673) ~[javafx-fxml-17.0.2-win.jar:?]
	... 65 more
2023-07-06 18:27:10.069 [JavaFX Application Thread] ERROR controller.project.itss.group8.itss.SearchInfEmployeeUnitController - Error when searchEmployee:
javafx.fxml.LoadException: 
/C:/Hoc/ITSS/ITSS_Nhom8/ITSS/target/classes/project/itss/group11/itss/view/manager/OverViewEmployeeUnit.fxml

	at javafx.fxml.FXMLLoader.constructLoadException(FXMLLoader.java:2707) ~[javafx-fxml-17.0.2-win.jar:?]
	at javafx.fxml.FXMLLoader.loadImpl(FXMLLoader.java:2677) ~[javafx-fxml-17.0.2-win.jar:?]
	at javafx.fxml.FXMLLoader.loadImpl(FXMLLoader.java:2548) ~[javafx-fxml-17.0.2-win.jar:?]
	at javafx.fxml.FXMLLoader.load(FXMLLoader.java:2516) ~[javafx-fxml-17.0.2-win.jar:?]
	at controller.project.itss.group8.itss.WorkspaceController.changeWorkspace(WorkspaceController.java:25) ~[classes/:?]
	at controller.project.itss.group8.itss.SearchInfEmployeeUnitController.onSearchEmplyee(SearchInfEmployeeUnitController.java:71) ~[classes/:?]
	at jdk.internal.reflect.NativeMethodAccessorImpl.invoke0(Native Method) ~[?:?]
	at jdk.internal.reflect.NativeMethodAccessorImpl.invoke(NativeMethodAccessorImpl.java:77) ~[?:?]
	at jdk.internal.reflect.DelegatingMethodAccessorImpl.invoke(DelegatingMethodAccessorImpl.java:43) ~[?:?]
	at java.lang.reflect.Method.invoke(Method.java:568) ~[?:?]
	at com.sun.javafx.reflect.Trampoline.invoke(MethodUtil.java:77) ~[javafx-base-17.0.2-win.jar:?]
	at jdk.internal.reflect.GeneratedMethodAccessor2.invoke(Unknown Source) ~[?:?]
	at jdk.internal.reflect.DelegatingMethodAccessorImpl.invoke(DelegatingMethodAccessorImpl.java:43) ~[?:?]
	at java.lang.reflect.Method.invoke(Method.java:568) ~[?:?]
	at com.sun.javafx.reflect.MethodUtil.invoke(MethodUtil.java:275) ~[javafx-base-17.0.2-win.jar:?]
	at com.sun.javafx.fxml.MethodHelper.invoke(MethodHelper.java:84) ~[javafx-fxml-17.0.2-win.jar:?]
	at javafx.fxml.FXMLLoader$MethodHandler.invoke(FXMLLoader.java:1852) ~[javafx-fxml-17.0.2-win.jar:?]
	at javafx.fxml.FXMLLoader$ControllerMethodEventHandler.handle(FXMLLoader.java:1724) ~[javafx-fxml-17.0.2-win.jar:?]
	at com.sun.javafx.event.CompositeEventHandler.dispatchBubblingEvent(CompositeEventHandler.java:86) ~[javafx-base-17.0.2-win.jar:?]
	at com.sun.javafx.event.EventHandlerManager.dispatchBubblingEvent(EventHandlerManager.java:234) ~[javafx-base-17.0.2-win.jar:?]
	at com.sun.javafx.event.EventHandlerManager.dispatchBubblingEvent(EventHandlerManager.java:191) ~[javafx-base-17.0.2-win.jar:?]
	at com.sun.javafx.event.CompositeEventDispatcher.dispatchBubblingEvent(CompositeEventDispatcher.java:59) ~[javafx-base-17.0.2-win.jar:?]
	at com.sun.javafx.event.BasicEventDispatcher.dispatchEvent(BasicEventDispatcher.java:58) ~[javafx-base-17.0.2-win.jar:?]
	at com.sun.javafx.event.EventDispatchChainImpl.dispatchEvent(EventDispatchChainImpl.java:114) ~[javafx-base-17.0.2-win.jar:?]
	at com.sun.javafx.event.BasicEventDispatcher.dispatchEvent(BasicEventDispatcher.java:56) ~[javafx-base-17.0.2-win.jar:?]
	at com.sun.javafx.event.EventDispatchChainImpl.dispatchEvent(EventDispatchChainImpl.java:114) ~[javafx-base-17.0.2-win.jar:?]
	at com.sun.javafx.event.BasicEventDispatcher.dispatchEvent(BasicEventDispatcher.java:56) ~[javafx-base-17.0.2-win.jar:?]
	at com.sun.javafx.event.EventDispatchChainImpl.dispatchEvent(EventDispatchChainImpl.java:114) ~[javafx-base-17.0.2-win.jar:?]
	at com.sun.javafx.event.BasicEventDispatcher.dispatchEvent(BasicEventDispatcher.java:56) ~[javafx-base-17.0.2-win.jar:?]
	at com.sun.javafx.event.EventDispatchChainImpl.dispatchEvent(EventDispatchChainImpl.java:114) ~[javafx-base-17.0.2-win.jar:?]
	at com.sun.javafx.event.EventUtil.fireEventImpl(EventUtil.java:74) ~[javafx-base-17.0.2-win.jar:?]
	at com.sun.javafx.event.EventUtil.fireEvent(EventUtil.java:49) ~[javafx-base-17.0.2-win.jar:?]
	at javafx.event.Event.fireEvent(Event.java:198) ~[javafx-base-17.0.2-win.jar:?]
	at javafx.scene.Node.fireEvent(Node.java:8792) ~[javafx-graphics-17.0.2-win.jar:?]
	at javafx.scene.control.Button.fire(Button.java:203) ~[javafx-controls-17.0.2-win.jar:?]
	at com.sun.javafx.scene.control.behavior.ButtonBehavior.mouseReleased(ButtonBehavior.java:208) ~[javafx-controls-17.0.2-win.jar:?]
	at com.sun.javafx.scene.control.inputmap.InputMap.handle(InputMap.java:274) ~[javafx-controls-17.0.2-win.jar:?]
	at com.sun.javafx.event.CompositeEventHandler$NormalEventHandlerRecord.handleBubblingEvent(CompositeEventHandler.java:247) ~[javafx-base-17.0.2-win.jar:?]
	at com.sun.javafx.event.CompositeEventHandler.dispatchBubblingEvent(CompositeEventHandler.java:80) ~[javafx-base-17.0.2-win.jar:?]
	at com.sun.javafx.event.EventHandlerManager.dispatchBubblingEvent(EventHandlerManager.java:234) ~[javafx-base-17.0.2-win.jar:?]
	at com.sun.javafx.event.EventHandlerManager.dispatchBubblingEvent(EventHandlerManager.java:191) ~[javafx-base-17.0.2-win.jar:?]
	at com.sun.javafx.event.CompositeEventDispatcher.dispatchBubblingEvent(CompositeEventDispatcher.java:59) ~[javafx-base-17.0.2-win.jar:?]
	at com.sun.javafx.event.BasicEventDispatcher.dispatchEvent(BasicEventDispatcher.java:58) ~[javafx-base-17.0.2-win.jar:?]
	at com.sun.javafx.event.EventDispatchChainImpl.dispatchEvent(EventDispatchChainImpl.java:114) ~[javafx-base-17.0.2-win.jar:?]
	at com.sun.javafx.event.BasicEventDispatcher.dispatchEvent(BasicEventDispatcher.java:56) ~[javafx-base-17.0.2-win.jar:?]
	at com.sun.javafx.event.EventDispatchChainImpl.dispatchEvent(EventDispatchChainImpl.java:114) ~[javafx-base-17.0.2-win.jar:?]
	at com.sun.javafx.event.BasicEventDispatcher.dispatchEvent(BasicEventDispatcher.java:56) ~[javafx-base-17.0.2-win.jar:?]
	at com.sun.javafx.event.EventDispatchChainImpl.dispatchEvent(EventDispatchChainImpl.java:114) ~[javafx-base-17.0.2-win.jar:?]
	at com.sun.javafx.event.BasicEventDispatcher.dispatchEvent(BasicEventDispatcher.java:56) ~[javafx-base-17.0.2-win.jar:?]
	at com.sun.javafx.event.EventDispatchChainImpl.dispatchEvent(EventDispatchChainImpl.java:114) ~[javafx-base-17.0.2-win.jar:?]
	at com.sun.javafx.event.EventUtil.fireEventImpl(EventUtil.java:74) ~[javafx-base-17.0.2-win.jar:?]
	at com.sun.javafx.event.EventUtil.fireEvent(EventUtil.java:54) ~[javafx-base-17.0.2-win.jar:?]
	at javafx.event.Event.fireEvent(Event.java:198) ~[javafx-base-17.0.2-win.jar:?]
	at javafx.scene.Scene$MouseHandler.process(Scene.java:3897) ~[javafx-graphics-17.0.2-win.jar:?]
	at javafx.scene.Scene.processMouseEvent(Scene.java:1878) ~[javafx-graphics-17.0.2-win.jar:?]
	at javafx.scene.Scene$ScenePeerListener.mouseEvent(Scene.java:2623) ~[javafx-graphics-17.0.2-win.jar:?]
	at com.sun.javafx.tk.quantum.GlassViewEventHandler$MouseEventNotification.run(GlassViewEventHandler.java:411) ~[javafx-graphics-17.0.2-win.jar:?]
	at com.sun.javafx.tk.quantum.GlassViewEventHandler$MouseEventNotification.run(GlassViewEventHandler.java:301) ~[javafx-graphics-17.0.2-win.jar:?]
	at java.security.AccessController.doPrivileged(AccessController.java:399) ~[?:?]
	at com.sun.javafx.tk.quantum.GlassViewEventHandler.lambda$handleMouseEvent$2(GlassViewEventHandler.java:450) ~[javafx-graphics-17.0.2-win.jar:?]
	at com.sun.javafx.tk.quantum.QuantumToolkit.runWithoutRenderLock(QuantumToolkit.java:424) ~[javafx-graphics-17.0.2-win.jar:?]
	at com.sun.javafx.tk.quantum.GlassViewEventHandler.handleMouseEvent(GlassViewEventHandler.java:449) ~[javafx-graphics-17.0.2-win.jar:?]
	at com.sun.glass.ui.View.handleMouseEvent(View.java:557) ~[javafx-graphics-17.0.2-win.jar:?]
	at com.sun.glass.ui.View.notifyMouse(View.java:943) ~[javafx-graphics-17.0.2-win.jar:?]
	at com.sun.glass.ui.win.WinApplication._runLoop(Native Method) ~[javafx-graphics-17.0.2-win.jar:?]
	at com.sun.glass.ui.win.WinApplication.lambda$runLoop$3(WinApplication.java:184) ~[javafx-graphics-17.0.2-win.jar:?]
	at java.lang.Thread.run(Thread.java:833) [?:?]
Caused by: java.lang.reflect.InvocationTargetException
	at jdk.internal.reflect.NativeMethodAccessorImpl.invoke0(Native Method) ~[?:?]
	at jdk.internal.reflect.NativeMethodAccessorImpl.invoke(NativeMethodAccessorImpl.java:77) ~[?:?]
	at jdk.internal.reflect.DelegatingMethodAccessorImpl.invoke(DelegatingMethodAccessorImpl.java:43) ~[?:?]
	at java.lang.reflect.Method.invoke(Method.java:568) ~[?:?]
	at com.sun.javafx.reflect.Trampoline.invoke(MethodUtil.java:77) ~[javafx-base-17.0.2-win.jar:?]
	at jdk.internal.reflect.GeneratedMethodAccessor2.invoke(Unknown Source) ~[?:?]
	at jdk.internal.reflect.DelegatingMethodAccessorImpl.invoke(DelegatingMethodAccessorImpl.java:43) ~[?:?]
	at java.lang.reflect.Method.invoke(Method.java:568) ~[?:?]
	at com.sun.javafx.reflect.MethodUtil.invoke(MethodUtil.java:275) ~[javafx-base-17.0.2-win.jar:?]
	at com.sun.javafx.fxml.MethodHelper.invoke(MethodHelper.java:84) ~[javafx-fxml-17.0.2-win.jar:?]
	at javafx.fxml.FXMLLoader.loadImpl(FXMLLoader.java:2673) ~[javafx-fxml-17.0.2-win.jar:?]
	... 65 more
Caused by: java.lang.NullPointerException: Cannot invoke "model.project.itss.group8.itss.Employee.getName()" because the return value of "helper.project.itss.group8.itss.LoginService.getUserInfor(int)" is null
	at controller.project.itss.group8.itss.OverViewInforEmployeeUnitController.initialize(OverViewInforEmployeeUnitController.java:80) ~[classes/:?]
	at jdk.internal.reflect.NativeMethodAccessorImpl.invoke0(Native Method) ~[?:?]
	at jdk.internal.reflect.NativeMethodAccessorImpl.invoke(NativeMethodAccessorImpl.java:77) ~[?:?]
	at jdk.internal.reflect.DelegatingMethodAccessorImpl.invoke(DelegatingMethodAccessorImpl.java:43) ~[?:?]
	at java.lang.reflect.Method.invoke(Method.java:568) ~[?:?]
	at com.sun.javafx.reflect.Trampoline.invoke(MethodUtil.java:77) ~[javafx-base-17.0.2-win.jar:?]
	at jdk.internal.reflect.GeneratedMethodAccessor2.invoke(Unknown Source) ~[?:?]
	at jdk.internal.reflect.DelegatingMethodAccessorImpl.invoke(DelegatingMethodAccessorImpl.java:43) ~[?:?]
	at java.lang.reflect.Method.invoke(Method.java:568) ~[?:?]
	at com.sun.javafx.reflect.MethodUtil.invoke(MethodUtil.java:275) ~[javafx-base-17.0.2-win.jar:?]
	at com.sun.javafx.fxml.MethodHelper.invoke(MethodHelper.java:84) ~[javafx-fxml-17.0.2-win.jar:?]
	at javafx.fxml.FXMLLoader.loadImpl(FXMLLoader.java:2673) ~[javafx-fxml-17.0.2-win.jar:?]
	... 65 more
2023-07-06 18:27:10.251 [JavaFX Application Thread] ERROR controller.project.itss.group8.itss.SearchInfEmployeeUnitController - Error when searchEmployee:
javafx.fxml.LoadException: 
/C:/Hoc/ITSS/ITSS_Nhom8/ITSS/target/classes/project/itss/group11/itss/view/manager/OverViewEmployeeUnit.fxml

	at javafx.fxml.FXMLLoader.constructLoadException(FXMLLoader.java:2707) ~[javafx-fxml-17.0.2-win.jar:?]
	at javafx.fxml.FXMLLoader.loadImpl(FXMLLoader.java:2677) ~[javafx-fxml-17.0.2-win.jar:?]
	at javafx.fxml.FXMLLoader.loadImpl(FXMLLoader.java:2548) ~[javafx-fxml-17.0.2-win.jar:?]
	at javafx.fxml.FXMLLoader.load(FXMLLoader.java:2516) ~[javafx-fxml-17.0.2-win.jar:?]
	at controller.project.itss.group8.itss.WorkspaceController.changeWorkspace(WorkspaceController.java:25) ~[classes/:?]
	at controller.project.itss.group8.itss.SearchInfEmployeeUnitController.onSearchEmplyee(SearchInfEmployeeUnitController.java:71) ~[classes/:?]
	at jdk.internal.reflect.NativeMethodAccessorImpl.invoke0(Native Method) ~[?:?]
	at jdk.internal.reflect.NativeMethodAccessorImpl.invoke(NativeMethodAccessorImpl.java:77) ~[?:?]
	at jdk.internal.reflect.DelegatingMethodAccessorImpl.invoke(DelegatingMethodAccessorImpl.java:43) ~[?:?]
	at java.lang.reflect.Method.invoke(Method.java:568) ~[?:?]
	at com.sun.javafx.reflect.Trampoline.invoke(MethodUtil.java:77) ~[javafx-base-17.0.2-win.jar:?]
	at jdk.internal.reflect.GeneratedMethodAccessor2.invoke(Unknown Source) ~[?:?]
	at jdk.internal.reflect.DelegatingMethodAccessorImpl.invoke(DelegatingMethodAccessorImpl.java:43) ~[?:?]
	at java.lang.reflect.Method.invoke(Method.java:568) ~[?:?]
	at com.sun.javafx.reflect.MethodUtil.invoke(MethodUtil.java:275) ~[javafx-base-17.0.2-win.jar:?]
	at com.sun.javafx.fxml.MethodHelper.invoke(MethodHelper.java:84) ~[javafx-fxml-17.0.2-win.jar:?]
	at javafx.fxml.FXMLLoader$MethodHandler.invoke(FXMLLoader.java:1852) ~[javafx-fxml-17.0.2-win.jar:?]
	at javafx.fxml.FXMLLoader$ControllerMethodEventHandler.handle(FXMLLoader.java:1724) ~[javafx-fxml-17.0.2-win.jar:?]
	at com.sun.javafx.event.CompositeEventHandler.dispatchBubblingEvent(CompositeEventHandler.java:86) ~[javafx-base-17.0.2-win.jar:?]
	at com.sun.javafx.event.EventHandlerManager.dispatchBubblingEvent(EventHandlerManager.java:234) ~[javafx-base-17.0.2-win.jar:?]
	at com.sun.javafx.event.EventHandlerManager.dispatchBubblingEvent(EventHandlerManager.java:191) ~[javafx-base-17.0.2-win.jar:?]
	at com.sun.javafx.event.CompositeEventDispatcher.dispatchBubblingEvent(CompositeEventDispatcher.java:59) ~[javafx-base-17.0.2-win.jar:?]
	at com.sun.javafx.event.BasicEventDispatcher.dispatchEvent(BasicEventDispatcher.java:58) ~[javafx-base-17.0.2-win.jar:?]
	at com.sun.javafx.event.EventDispatchChainImpl.dispatchEvent(EventDispatchChainImpl.java:114) ~[javafx-base-17.0.2-win.jar:?]
	at com.sun.javafx.event.BasicEventDispatcher.dispatchEvent(BasicEventDispatcher.java:56) ~[javafx-base-17.0.2-win.jar:?]
	at com.sun.javafx.event.EventDispatchChainImpl.dispatchEvent(EventDispatchChainImpl.java:114) ~[javafx-base-17.0.2-win.jar:?]
	at com.sun.javafx.event.BasicEventDispatcher.dispatchEvent(BasicEventDispatcher.java:56) ~[javafx-base-17.0.2-win.jar:?]
	at com.sun.javafx.event.EventDispatchChainImpl.dispatchEvent(EventDispatchChainImpl.java:114) ~[javafx-base-17.0.2-win.jar:?]
	at com.sun.javafx.event.BasicEventDispatcher.dispatchEvent(BasicEventDispatcher.java:56) ~[javafx-base-17.0.2-win.jar:?]
	at com.sun.javafx.event.EventDispatchChainImpl.dispatchEvent(EventDispatchChainImpl.java:114) ~[javafx-base-17.0.2-win.jar:?]
	at com.sun.javafx.event.EventUtil.fireEventImpl(EventUtil.java:74) ~[javafx-base-17.0.2-win.jar:?]
	at com.sun.javafx.event.EventUtil.fireEvent(EventUtil.java:49) ~[javafx-base-17.0.2-win.jar:?]
	at javafx.event.Event.fireEvent(Event.java:198) ~[javafx-base-17.0.2-win.jar:?]
	at javafx.scene.Node.fireEvent(Node.java:8792) ~[javafx-graphics-17.0.2-win.jar:?]
	at javafx.scene.control.Button.fire(Button.java:203) ~[javafx-controls-17.0.2-win.jar:?]
	at com.sun.javafx.scene.control.behavior.ButtonBehavior.mouseReleased(ButtonBehavior.java:208) ~[javafx-controls-17.0.2-win.jar:?]
	at com.sun.javafx.scene.control.inputmap.InputMap.handle(InputMap.java:274) ~[javafx-controls-17.0.2-win.jar:?]
	at com.sun.javafx.event.CompositeEventHandler$NormalEventHandlerRecord.handleBubblingEvent(CompositeEventHandler.java:247) ~[javafx-base-17.0.2-win.jar:?]
	at com.sun.javafx.event.CompositeEventHandler.dispatchBubblingEvent(CompositeEventHandler.java:80) ~[javafx-base-17.0.2-win.jar:?]
	at com.sun.javafx.event.EventHandlerManager.dispatchBubblingEvent(EventHandlerManager.java:234) ~[javafx-base-17.0.2-win.jar:?]
	at com.sun.javafx.event.EventHandlerManager.dispatchBubblingEvent(EventHandlerManager.java:191) ~[javafx-base-17.0.2-win.jar:?]
	at com.sun.javafx.event.CompositeEventDispatcher.dispatchBubblingEvent(CompositeEventDispatcher.java:59) ~[javafx-base-17.0.2-win.jar:?]
	at com.sun.javafx.event.BasicEventDispatcher.dispatchEvent(BasicEventDispatcher.java:58) ~[javafx-base-17.0.2-win.jar:?]
	at com.sun.javafx.event.EventDispatchChainImpl.dispatchEvent(EventDispatchChainImpl.java:114) ~[javafx-base-17.0.2-win.jar:?]
	at com.sun.javafx.event.BasicEventDispatcher.dispatchEvent(BasicEventDispatcher.java:56) ~[javafx-base-17.0.2-win.jar:?]
	at com.sun.javafx.event.EventDispatchChainImpl.dispatchEvent(EventDispatchChainImpl.java:114) ~[javafx-base-17.0.2-win.jar:?]
	at com.sun.javafx.event.BasicEventDispatcher.dispatchEvent(BasicEventDispatcher.java:56) ~[javafx-base-17.0.2-win.jar:?]
	at com.sun.javafx.event.EventDispatchChainImpl.dispatchEvent(EventDispatchChainImpl.java:114) ~[javafx-base-17.0.2-win.jar:?]
	at com.sun.javafx.event.BasicEventDispatcher.dispatchEvent(BasicEventDispatcher.java:56) ~[javafx-base-17.0.2-win.jar:?]
	at com.sun.javafx.event.EventDispatchChainImpl.dispatchEvent(EventDispatchChainImpl.java:114) ~[javafx-base-17.0.2-win.jar:?]
	at com.sun.javafx.event.EventUtil.fireEventImpl(EventUtil.java:74) ~[javafx-base-17.0.2-win.jar:?]
	at com.sun.javafx.event.EventUtil.fireEvent(EventUtil.java:54) ~[javafx-base-17.0.2-win.jar:?]
	at javafx.event.Event.fireEvent(Event.java:198) ~[javafx-base-17.0.2-win.jar:?]
	at javafx.scene.Scene$MouseHandler.process(Scene.java:3897) ~[javafx-graphics-17.0.2-win.jar:?]
	at javafx.scene.Scene.processMouseEvent(Scene.java:1878) ~[javafx-graphics-17.0.2-win.jar:?]
	at javafx.scene.Scene$ScenePeerListener.mouseEvent(Scene.java:2623) ~[javafx-graphics-17.0.2-win.jar:?]
	at com.sun.javafx.tk.quantum.GlassViewEventHandler$MouseEventNotification.run(GlassViewEventHandler.java:411) ~[javafx-graphics-17.0.2-win.jar:?]
	at com.sun.javafx.tk.quantum.GlassViewEventHandler$MouseEventNotification.run(GlassViewEventHandler.java:301) ~[javafx-graphics-17.0.2-win.jar:?]
	at java.security.AccessController.doPrivileged(AccessController.java:399) ~[?:?]
	at com.sun.javafx.tk.quantum.GlassViewEventHandler.lambda$handleMouseEvent$2(GlassViewEventHandler.java:450) ~[javafx-graphics-17.0.2-win.jar:?]
	at com.sun.javafx.tk.quantum.QuantumToolkit.runWithoutRenderLock(QuantumToolkit.java:424) ~[javafx-graphics-17.0.2-win.jar:?]
	at com.sun.javafx.tk.quantum.GlassViewEventHandler.handleMouseEvent(GlassViewEventHandler.java:449) ~[javafx-graphics-17.0.2-win.jar:?]
	at com.sun.glass.ui.View.handleMouseEvent(View.java:557) ~[javafx-graphics-17.0.2-win.jar:?]
	at com.sun.glass.ui.View.notifyMouse(View.java:943) ~[javafx-graphics-17.0.2-win.jar:?]
	at com.sun.glass.ui.win.WinApplication._runLoop(Native Method) ~[javafx-graphics-17.0.2-win.jar:?]
	at com.sun.glass.ui.win.WinApplication.lambda$runLoop$3(WinApplication.java:184) ~[javafx-graphics-17.0.2-win.jar:?]
	at java.lang.Thread.run(Thread.java:833) [?:?]
Caused by: java.lang.reflect.InvocationTargetException
	at jdk.internal.reflect.NativeMethodAccessorImpl.invoke0(Native Method) ~[?:?]
	at jdk.internal.reflect.NativeMethodAccessorImpl.invoke(NativeMethodAccessorImpl.java:77) ~[?:?]
	at jdk.internal.reflect.DelegatingMethodAccessorImpl.invoke(DelegatingMethodAccessorImpl.java:43) ~[?:?]
	at java.lang.reflect.Method.invoke(Method.java:568) ~[?:?]
	at com.sun.javafx.reflect.Trampoline.invoke(MethodUtil.java:77) ~[javafx-base-17.0.2-win.jar:?]
	at jdk.internal.reflect.GeneratedMethodAccessor2.invoke(Unknown Source) ~[?:?]
	at jdk.internal.reflect.DelegatingMethodAccessorImpl.invoke(DelegatingMethodAccessorImpl.java:43) ~[?:?]
	at java.lang.reflect.Method.invoke(Method.java:568) ~[?:?]
	at com.sun.javafx.reflect.MethodUtil.invoke(MethodUtil.java:275) ~[javafx-base-17.0.2-win.jar:?]
	at com.sun.javafx.fxml.MethodHelper.invoke(MethodHelper.java:84) ~[javafx-fxml-17.0.2-win.jar:?]
	at javafx.fxml.FXMLLoader.loadImpl(FXMLLoader.java:2673) ~[javafx-fxml-17.0.2-win.jar:?]
	... 65 more
Caused by: java.lang.NullPointerException: Cannot invoke "model.project.itss.group8.itss.Employee.getName()" because the return value of "helper.project.itss.group8.itss.LoginService.getUserInfor(int)" is null
	at controller.project.itss.group8.itss.OverViewInforEmployeeUnitController.initialize(OverViewInforEmployeeUnitController.java:80) ~[classes/:?]
	at jdk.internal.reflect.NativeMethodAccessorImpl.invoke0(Native Method) ~[?:?]
	at jdk.internal.reflect.NativeMethodAccessorImpl.invoke(NativeMethodAccessorImpl.java:77) ~[?:?]
	at jdk.internal.reflect.DelegatingMethodAccessorImpl.invoke(DelegatingMethodAccessorImpl.java:43) ~[?:?]
	at java.lang.reflect.Method.invoke(Method.java:568) ~[?:?]
	at com.sun.javafx.reflect.Trampoline.invoke(MethodUtil.java:77) ~[javafx-base-17.0.2-win.jar:?]
	at jdk.internal.reflect.GeneratedMethodAccessor2.invoke(Unknown Source) ~[?:?]
	at jdk.internal.reflect.DelegatingMethodAccessorImpl.invoke(DelegatingMethodAccessorImpl.java:43) ~[?:?]
	at java.lang.reflect.Method.invoke(Method.java:568) ~[?:?]
	at com.sun.javafx.reflect.MethodUtil.invoke(MethodUtil.java:275) ~[javafx-base-17.0.2-win.jar:?]
	at com.sun.javafx.fxml.MethodHelper.invoke(MethodHelper.java:84) ~[javafx-fxml-17.0.2-win.jar:?]
	at javafx.fxml.FXMLLoader.loadImpl(FXMLLoader.java:2673) ~[javafx-fxml-17.0.2-win.jar:?]
	... 65 more
2023-07-06 18:27:10.414 [JavaFX Application Thread] ERROR controller.project.itss.group8.itss.SearchInfEmployeeUnitController - Error when searchEmployee:
javafx.fxml.LoadException: 
/C:/Hoc/ITSS/ITSS_Nhom8/ITSS/target/classes/project/itss/group11/itss/view/manager/OverViewEmployeeUnit.fxml

	at javafx.fxml.FXMLLoader.constructLoadException(FXMLLoader.java:2707) ~[javafx-fxml-17.0.2-win.jar:?]
	at javafx.fxml.FXMLLoader.loadImpl(FXMLLoader.java:2677) ~[javafx-fxml-17.0.2-win.jar:?]
	at javafx.fxml.FXMLLoader.loadImpl(FXMLLoader.java:2548) ~[javafx-fxml-17.0.2-win.jar:?]
	at javafx.fxml.FXMLLoader.load(FXMLLoader.java:2516) ~[javafx-fxml-17.0.2-win.jar:?]
	at controller.project.itss.group8.itss.WorkspaceController.changeWorkspace(WorkspaceController.java:25) ~[classes/:?]
	at controller.project.itss.group8.itss.SearchInfEmployeeUnitController.onSearchEmplyee(SearchInfEmployeeUnitController.java:71) ~[classes/:?]
	at jdk.internal.reflect.NativeMethodAccessorImpl.invoke0(Native Method) ~[?:?]
	at jdk.internal.reflect.NativeMethodAccessorImpl.invoke(NativeMethodAccessorImpl.java:77) ~[?:?]
	at jdk.internal.reflect.DelegatingMethodAccessorImpl.invoke(DelegatingMethodAccessorImpl.java:43) ~[?:?]
	at java.lang.reflect.Method.invoke(Method.java:568) ~[?:?]
	at com.sun.javafx.reflect.Trampoline.invoke(MethodUtil.java:77) ~[javafx-base-17.0.2-win.jar:?]
	at jdk.internal.reflect.GeneratedMethodAccessor2.invoke(Unknown Source) ~[?:?]
	at jdk.internal.reflect.DelegatingMethodAccessorImpl.invoke(DelegatingMethodAccessorImpl.java:43) ~[?:?]
	at java.lang.reflect.Method.invoke(Method.java:568) ~[?:?]
	at com.sun.javafx.reflect.MethodUtil.invoke(MethodUtil.java:275) ~[javafx-base-17.0.2-win.jar:?]
	at com.sun.javafx.fxml.MethodHelper.invoke(MethodHelper.java:84) ~[javafx-fxml-17.0.2-win.jar:?]
	at javafx.fxml.FXMLLoader$MethodHandler.invoke(FXMLLoader.java:1852) ~[javafx-fxml-17.0.2-win.jar:?]
	at javafx.fxml.FXMLLoader$ControllerMethodEventHandler.handle(FXMLLoader.java:1724) ~[javafx-fxml-17.0.2-win.jar:?]
	at com.sun.javafx.event.CompositeEventHandler.dispatchBubblingEvent(CompositeEventHandler.java:86) ~[javafx-base-17.0.2-win.jar:?]
	at com.sun.javafx.event.EventHandlerManager.dispatchBubblingEvent(EventHandlerManager.java:234) ~[javafx-base-17.0.2-win.jar:?]
	at com.sun.javafx.event.EventHandlerManager.dispatchBubblingEvent(EventHandlerManager.java:191) ~[javafx-base-17.0.2-win.jar:?]
	at com.sun.javafx.event.CompositeEventDispatcher.dispatchBubblingEvent(CompositeEventDispatcher.java:59) ~[javafx-base-17.0.2-win.jar:?]
	at com.sun.javafx.event.BasicEventDispatcher.dispatchEvent(BasicEventDispatcher.java:58) ~[javafx-base-17.0.2-win.jar:?]
	at com.sun.javafx.event.EventDispatchChainImpl.dispatchEvent(EventDispatchChainImpl.java:114) ~[javafx-base-17.0.2-win.jar:?]
	at com.sun.javafx.event.BasicEventDispatcher.dispatchEvent(BasicEventDispatcher.java:56) ~[javafx-base-17.0.2-win.jar:?]
	at com.sun.javafx.event.EventDispatchChainImpl.dispatchEvent(EventDispatchChainImpl.java:114) ~[javafx-base-17.0.2-win.jar:?]
	at com.sun.javafx.event.BasicEventDispatcher.dispatchEvent(BasicEventDispatcher.java:56) ~[javafx-base-17.0.2-win.jar:?]
	at com.sun.javafx.event.EventDispatchChainImpl.dispatchEvent(EventDispatchChainImpl.java:114) ~[javafx-base-17.0.2-win.jar:?]
	at com.sun.javafx.event.BasicEventDispatcher.dispatchEvent(BasicEventDispatcher.java:56) ~[javafx-base-17.0.2-win.jar:?]
	at com.sun.javafx.event.EventDispatchChainImpl.dispatchEvent(EventDispatchChainImpl.java:114) ~[javafx-base-17.0.2-win.jar:?]
	at com.sun.javafx.event.EventUtil.fireEventImpl(EventUtil.java:74) ~[javafx-base-17.0.2-win.jar:?]
	at com.sun.javafx.event.EventUtil.fireEvent(EventUtil.java:49) ~[javafx-base-17.0.2-win.jar:?]
	at javafx.event.Event.fireEvent(Event.java:198) ~[javafx-base-17.0.2-win.jar:?]
	at javafx.scene.Node.fireEvent(Node.java:8792) ~[javafx-graphics-17.0.2-win.jar:?]
	at javafx.scene.control.Button.fire(Button.java:203) ~[javafx-controls-17.0.2-win.jar:?]
	at com.sun.javafx.scene.control.behavior.ButtonBehavior.mouseReleased(ButtonBehavior.java:208) ~[javafx-controls-17.0.2-win.jar:?]
	at com.sun.javafx.scene.control.inputmap.InputMap.handle(InputMap.java:274) ~[javafx-controls-17.0.2-win.jar:?]
	at com.sun.javafx.event.CompositeEventHandler$NormalEventHandlerRecord.handleBubblingEvent(CompositeEventHandler.java:247) ~[javafx-base-17.0.2-win.jar:?]
	at com.sun.javafx.event.CompositeEventHandler.dispatchBubblingEvent(CompositeEventHandler.java:80) ~[javafx-base-17.0.2-win.jar:?]
	at com.sun.javafx.event.EventHandlerManager.dispatchBubblingEvent(EventHandlerManager.java:234) ~[javafx-base-17.0.2-win.jar:?]
	at com.sun.javafx.event.EventHandlerManager.dispatchBubblingEvent(EventHandlerManager.java:191) ~[javafx-base-17.0.2-win.jar:?]
	at com.sun.javafx.event.CompositeEventDispatcher.dispatchBubblingEvent(CompositeEventDispatcher.java:59) ~[javafx-base-17.0.2-win.jar:?]
	at com.sun.javafx.event.BasicEventDispatcher.dispatchEvent(BasicEventDispatcher.java:58) ~[javafx-base-17.0.2-win.jar:?]
	at com.sun.javafx.event.EventDispatchChainImpl.dispatchEvent(EventDispatchChainImpl.java:114) ~[javafx-base-17.0.2-win.jar:?]
	at com.sun.javafx.event.BasicEventDispatcher.dispatchEvent(BasicEventDispatcher.java:56) ~[javafx-base-17.0.2-win.jar:?]
	at com.sun.javafx.event.EventDispatchChainImpl.dispatchEvent(EventDispatchChainImpl.java:114) ~[javafx-base-17.0.2-win.jar:?]
	at com.sun.javafx.event.BasicEventDispatcher.dispatchEvent(BasicEventDispatcher.java:56) ~[javafx-base-17.0.2-win.jar:?]
	at com.sun.javafx.event.EventDispatchChainImpl.dispatchEvent(EventDispatchChainImpl.java:114) ~[javafx-base-17.0.2-win.jar:?]
	at com.sun.javafx.event.BasicEventDispatcher.dispatchEvent(BasicEventDispatcher.java:56) ~[javafx-base-17.0.2-win.jar:?]
	at com.sun.javafx.event.EventDispatchChainImpl.dispatchEvent(EventDispatchChainImpl.java:114) ~[javafx-base-17.0.2-win.jar:?]
	at com.sun.javafx.event.EventUtil.fireEventImpl(EventUtil.java:74) ~[javafx-base-17.0.2-win.jar:?]
	at com.sun.javafx.event.EventUtil.fireEvent(EventUtil.java:54) ~[javafx-base-17.0.2-win.jar:?]
	at javafx.event.Event.fireEvent(Event.java:198) ~[javafx-base-17.0.2-win.jar:?]
	at javafx.scene.Scene$MouseHandler.process(Scene.java:3897) ~[javafx-graphics-17.0.2-win.jar:?]
	at javafx.scene.Scene.processMouseEvent(Scene.java:1878) ~[javafx-graphics-17.0.2-win.jar:?]
	at javafx.scene.Scene$ScenePeerListener.mouseEvent(Scene.java:2623) ~[javafx-graphics-17.0.2-win.jar:?]
	at com.sun.javafx.tk.quantum.GlassViewEventHandler$MouseEventNotification.run(GlassViewEventHandler.java:411) ~[javafx-graphics-17.0.2-win.jar:?]
	at com.sun.javafx.tk.quantum.GlassViewEventHandler$MouseEventNotification.run(GlassViewEventHandler.java:301) ~[javafx-graphics-17.0.2-win.jar:?]
	at java.security.AccessController.doPrivileged(AccessController.java:399) ~[?:?]
	at com.sun.javafx.tk.quantum.GlassViewEventHandler.lambda$handleMouseEvent$2(GlassViewEventHandler.java:450) ~[javafx-graphics-17.0.2-win.jar:?]
	at com.sun.javafx.tk.quantum.QuantumToolkit.runWithoutRenderLock(QuantumToolkit.java:424) ~[javafx-graphics-17.0.2-win.jar:?]
	at com.sun.javafx.tk.quantum.GlassViewEventHandler.handleMouseEvent(GlassViewEventHandler.java:449) ~[javafx-graphics-17.0.2-win.jar:?]
	at com.sun.glass.ui.View.handleMouseEvent(View.java:557) ~[javafx-graphics-17.0.2-win.jar:?]
	at com.sun.glass.ui.View.notifyMouse(View.java:943) ~[javafx-graphics-17.0.2-win.jar:?]
	at com.sun.glass.ui.win.WinApplication._runLoop(Native Method) ~[javafx-graphics-17.0.2-win.jar:?]
	at com.sun.glass.ui.win.WinApplication.lambda$runLoop$3(WinApplication.java:184) ~[javafx-graphics-17.0.2-win.jar:?]
	at java.lang.Thread.run(Thread.java:833) [?:?]
Caused by: java.lang.reflect.InvocationTargetException
	at jdk.internal.reflect.NativeMethodAccessorImpl.invoke0(Native Method) ~[?:?]
	at jdk.internal.reflect.NativeMethodAccessorImpl.invoke(NativeMethodAccessorImpl.java:77) ~[?:?]
	at jdk.internal.reflect.DelegatingMethodAccessorImpl.invoke(DelegatingMethodAccessorImpl.java:43) ~[?:?]
	at java.lang.reflect.Method.invoke(Method.java:568) ~[?:?]
	at com.sun.javafx.reflect.Trampoline.invoke(MethodUtil.java:77) ~[javafx-base-17.0.2-win.jar:?]
	at jdk.internal.reflect.GeneratedMethodAccessor2.invoke(Unknown Source) ~[?:?]
	at jdk.internal.reflect.DelegatingMethodAccessorImpl.invoke(DelegatingMethodAccessorImpl.java:43) ~[?:?]
	at java.lang.reflect.Method.invoke(Method.java:568) ~[?:?]
	at com.sun.javafx.reflect.MethodUtil.invoke(MethodUtil.java:275) ~[javafx-base-17.0.2-win.jar:?]
	at com.sun.javafx.fxml.MethodHelper.invoke(MethodHelper.java:84) ~[javafx-fxml-17.0.2-win.jar:?]
	at javafx.fxml.FXMLLoader.loadImpl(FXMLLoader.java:2673) ~[javafx-fxml-17.0.2-win.jar:?]
	... 65 more
Caused by: java.lang.NullPointerException: Cannot invoke "model.project.itss.group8.itss.Employee.getName()" because the return value of "helper.project.itss.group8.itss.LoginService.getUserInfor(int)" is null
	at controller.project.itss.group8.itss.OverViewInforEmployeeUnitController.initialize(OverViewInforEmployeeUnitController.java:80) ~[classes/:?]
	at jdk.internal.reflect.NativeMethodAccessorImpl.invoke0(Native Method) ~[?:?]
	at jdk.internal.reflect.NativeMethodAccessorImpl.invoke(NativeMethodAccessorImpl.java:77) ~[?:?]
	at jdk.internal.reflect.DelegatingMethodAccessorImpl.invoke(DelegatingMethodAccessorImpl.java:43) ~[?:?]
	at java.lang.reflect.Method.invoke(Method.java:568) ~[?:?]
	at com.sun.javafx.reflect.Trampoline.invoke(MethodUtil.java:77) ~[javafx-base-17.0.2-win.jar:?]
	at jdk.internal.reflect.GeneratedMethodAccessor2.invoke(Unknown Source) ~[?:?]
	at jdk.internal.reflect.DelegatingMethodAccessorImpl.invoke(DelegatingMethodAccessorImpl.java:43) ~[?:?]
	at java.lang.reflect.Method.invoke(Method.java:568) ~[?:?]
	at com.sun.javafx.reflect.MethodUtil.invoke(MethodUtil.java:275) ~[javafx-base-17.0.2-win.jar:?]
	at com.sun.javafx.fxml.MethodHelper.invoke(MethodHelper.java:84) ~[javafx-fxml-17.0.2-win.jar:?]
	at javafx.fxml.FXMLLoader.loadImpl(FXMLLoader.java:2673) ~[javafx-fxml-17.0.2-win.jar:?]
	... 65 more
2023-07-06 21:16:21.440 [JavaFX Application Thread] INFO  Until.project.itss.group8.itss.ConnectionPool - Create pool
2023-07-06 21:16:21.443 [JavaFX Application Thread] INFO  Until.project.itss.group8.itss.ConnectionPool - Load conf database OK
2023-07-06 21:16:27.182 [JavaFX Application Thread] INFO  controller.project.itss.group8.itss.LoginController - Start login user: 20201111 , pass: 1
2023-07-06 21:16:27.193 [JavaFX Application Thread] INFO  controller.project.itss.group8.itss.LoginController - Login Success
2023-07-06 21:16:29.302 [JavaFX Application Thread] INFO  Impl.subsystem.project.itss.group8.itss.EmployeeInforRepositoryImpl - Unit ID: 1
2023-07-06 21:30:51.198 [JavaFX Application Thread] INFO  project.itss.group8.itss.utils.ConnectionPool - Create pool
2023-07-06 21:30:51.206 [JavaFX Application Thread] INFO  project.itss.group8.itss.utils.ConnectionPool - Load conf database OK
2023-07-06 21:30:56.100 [JavaFX Application Thread] INFO  project.itss.group8.itss.controller.LoginController - Start login user: 20201111 , pass: 1
2023-07-06 21:30:56.110 [JavaFX Application Thread] INFO  project.itss.group8.itss.controller.LoginController - Login Success
2023-07-06 21:30:57.450 [JavaFX Application Thread] INFO  project.itss.group8.itss.subsystem.Impl.EmployeeInforRepositoryImpl - Unit ID: 1
2023-07-06 21:37:54.804 [JavaFX Application Thread] INFO  project.itss.group8.itss.utils.ConnectionPool - Create pool
2023-07-06 21:37:54.806 [JavaFX Application Thread] INFO  project.itss.group8.itss.utils.ConnectionPool - Load conf database OK
2023-07-06 21:38:00.266 [JavaFX Application Thread] INFO  project.itss.group8.itss.controller.LoginController - Start login user: 20201111 , pass: 1
2023-07-06 21:38:00.275 [JavaFX Application Thread] INFO  project.itss.group8.itss.controller.LoginController - Login Success
2023-07-06 21:39:26.921 [JavaFX Application Thread] INFO  project.itss.group8.itss.utils.ConnectionPool - Create pool
2023-07-06 21:39:26.924 [JavaFX Application Thread] INFO  project.itss.group8.itss.utils.ConnectionPool - Load conf database OK
2023-07-06 21:39:32.472 [JavaFX Application Thread] INFO  project.itss.group8.itss.controller.LoginController - Start login user: 20201111 , pass: 1
2023-07-06 21:39:32.482 [JavaFX Application Thread] INFO  project.itss.group8.itss.controller.LoginController - Login Success
2023-07-06 21:45:08.764 [JavaFX Application Thread] INFO  project.itss.group8.itss.subsystem.Impl.EmployeeInforRepositoryImpl - Unit ID: 1
2023-07-06 21:45:11.846 [JavaFX Application Thread] INFO  project.itss.group8.itss.subsystem.Impl.EmployeeInforRepositoryImpl - Unit ID: 1
2023-07-06 21:45:14.258 [JavaFX Application Thread] INFO  project.itss.group8.itss.subsystem.Impl.EmployeeInforRepositoryImpl - Unit ID: 1
2023-07-06 21:45:18.958 [JavaFX Application Thread] INFO  project.itss.group8.itss.subsystem.Impl.LogInforRepositoryImpl - getLogByMonth: 0
2023-07-06 21:45:19.514 [JavaFX Application Thread] INFO  project.itss.group8.itss.subsystem.Impl.LogInforRepositoryImpl - getLogByMonth: 0
2023-07-06 21:45:27.002 [JavaFX Application Thread] INFO  project.itss.group8.itss.subsystem.Impl.LogInforRepositoryImpl - getLogByMonth: 60
2023-07-06 21:45:32.016 [JavaFX Application Thread] ERROR project.itss.group8.itss.subsystem.Impl.LogInforRepositoryImpl - Error when getLogInforByDay: 
org.postgresql.util.PSQLException: The column index is out of range: 2, number of columns: 1.
	at org.postgresql.core.v3.SimpleParameterList.bind(SimpleParameterList.java:69) ~[postgresql-42.2.23.jar:42.2.23]
	at org.postgresql.core.v3.SimpleParameterList.setBinaryParameter(SimpleParameterList.java:136) ~[postgresql-42.2.23.jar:42.2.23]
	at org.postgresql.jdbc.PgPreparedStatement.bindBytes(PgPreparedStatement.java:1047) ~[postgresql-42.2.23.jar:42.2.23]
	at org.postgresql.jdbc.PgPreparedStatement.setInt(PgPreparedStatement.java:296) ~[postgresql-42.2.23.jar:42.2.23]
	at project.itss.group8.itss.subsystem.Impl.LogInforRepositoryImpl.getLogInforByDay(LogInforRepositoryImpl.java:42) ~[classes/:?]
	at project.itss.group8.itss.helper.Impl.DetailInforEmployeeUnitServiceImpl.getDetailTimekeepingByDay(DetailInforEmployeeUnitServiceImpl.java:59) ~[classes/:?]
	at project.itss.group8.itss.controller.DetailInforEmployeeUnitController.initialize(DetailInforEmployeeUnitController.java:79) ~[classes/:?]
	at jdk.internal.reflect.NativeMethodAccessorImpl.invoke0(Native Method) ~[?:?]
	at jdk.internal.reflect.NativeMethodAccessorImpl.invoke(NativeMethodAccessorImpl.java:77) ~[?:?]
	at jdk.internal.reflect.DelegatingMethodAccessorImpl.invoke(DelegatingMethodAccessorImpl.java:43) ~[?:?]
	at java.lang.reflect.Method.invoke(Method.java:568) ~[?:?]
	at com.sun.javafx.reflect.Trampoline.invoke(MethodUtil.java:77) ~[javafx-base-17.0.2-win.jar:?]
	at jdk.internal.reflect.GeneratedMethodAccessor2.invoke(Unknown Source) ~[?:?]
	at jdk.internal.reflect.DelegatingMethodAccessorImpl.invoke(DelegatingMethodAccessorImpl.java:43) ~[?:?]
	at java.lang.reflect.Method.invoke(Method.java:568) ~[?:?]
	at com.sun.javafx.reflect.MethodUtil.invoke(MethodUtil.java:275) ~[javafx-base-17.0.2-win.jar:?]
	at com.sun.javafx.fxml.MethodHelper.invoke(MethodHelper.java:84) ~[javafx-fxml-17.0.2-win.jar:?]
	at javafx.fxml.FXMLLoader.loadImpl(FXMLLoader.java:2673) ~[javafx-fxml-17.0.2-win.jar:?]
	at javafx.fxml.FXMLLoader.loadImpl(FXMLLoader.java:2548) ~[javafx-fxml-17.0.2-win.jar:?]
	at javafx.fxml.FXMLLoader.load(FXMLLoader.java:2516) ~[javafx-fxml-17.0.2-win.jar:?]
	at project.itss.group8.itss.controller.WorkspaceController.changeWorkspace(WorkspaceController.java:25) ~[classes/:?]
	at project.itss.group8.itss.controller.OverViewInforEmployeeUnitController$1.lambda$new$0(OverViewInforEmployeeUnitController.java:109) ~[classes/:?]
	at com.sun.javafx.event.CompositeEventHandler.dispatchBubblingEvent(CompositeEventHandler.java:86) ~[javafx-base-17.0.2-win.jar:?]
	at com.sun.javafx.event.EventHandlerManager.dispatchBubblingEvent(EventHandlerManager.java:234) ~[javafx-base-17.0.2-win.jar:?]
	at com.sun.javafx.event.EventHandlerManager.dispatchBubblingEvent(EventHandlerManager.java:191) ~[javafx-base-17.0.2-win.jar:?]
	at com.sun.javafx.event.CompositeEventDispatcher.dispatchBubblingEvent(CompositeEventDispatcher.java:59) ~[javafx-base-17.0.2-win.jar:?]
	at com.sun.javafx.event.BasicEventDispatcher.dispatchEvent(BasicEventDispatcher.java:58) ~[javafx-base-17.0.2-win.jar:?]
	at com.sun.javafx.event.EventDispatchChainImpl.dispatchEvent(EventDispatchChainImpl.java:114) ~[javafx-base-17.0.2-win.jar:?]
	at com.sun.javafx.event.BasicEventDispatcher.dispatchEvent(BasicEventDispatcher.java:56) ~[javafx-base-17.0.2-win.jar:?]
	at com.sun.javafx.event.EventDispatchChainImpl.dispatchEvent(EventDispatchChainImpl.java:114) ~[javafx-base-17.0.2-win.jar:?]
	at com.sun.javafx.event.BasicEventDispatcher.dispatchEvent(BasicEventDispatcher.java:56) ~[javafx-base-17.0.2-win.jar:?]
	at com.sun.javafx.event.EventDispatchChainImpl.dispatchEvent(EventDispatchChainImpl.java:114) ~[javafx-base-17.0.2-win.jar:?]
	at com.sun.javafx.event.BasicEventDispatcher.dispatchEvent(BasicEventDispatcher.java:56) ~[javafx-base-17.0.2-win.jar:?]
	at com.sun.javafx.event.EventDispatchChainImpl.dispatchEvent(EventDispatchChainImpl.java:114) ~[javafx-base-17.0.2-win.jar:?]
	at com.sun.javafx.event.BasicEventDispatcher.dispatchEvent(BasicEventDispatcher.java:56) ~[javafx-base-17.0.2-win.jar:?]
	at com.sun.javafx.event.EventDispatchChainImpl.dispatchEvent(EventDispatchChainImpl.java:114) ~[javafx-base-17.0.2-win.jar:?]
	at com.sun.javafx.event.BasicEventDispatcher.dispatchEvent(BasicEventDispatcher.java:56) ~[javafx-base-17.0.2-win.jar:?]
	at com.sun.javafx.event.EventDispatchChainImpl.dispatchEvent(EventDispatchChainImpl.java:114) ~[javafx-base-17.0.2-win.jar:?]
	at com.sun.javafx.event.BasicEventDispatcher.dispatchEvent(BasicEventDispatcher.java:56) ~[javafx-base-17.0.2-win.jar:?]
	at com.sun.javafx.event.EventDispatchChainImpl.dispatchEvent(EventDispatchChainImpl.java:114) ~[javafx-base-17.0.2-win.jar:?]
	at com.sun.javafx.event.BasicEventDispatcher.dispatchEvent(BasicEventDispatcher.java:56) ~[javafx-base-17.0.2-win.jar:?]
	at com.sun.javafx.event.EventDispatchChainImpl.dispatchEvent(EventDispatchChainImpl.java:114) ~[javafx-base-17.0.2-win.jar:?]
	at com.sun.javafx.event.EventUtil.fireEventImpl(EventUtil.java:74) ~[javafx-base-17.0.2-win.jar:?]
	at com.sun.javafx.event.EventUtil.fireEvent(EventUtil.java:49) ~[javafx-base-17.0.2-win.jar:?]
	at javafx.event.Event.fireEvent(Event.java:198) ~[javafx-base-17.0.2-win.jar:?]
	at javafx.scene.Node.fireEvent(Node.java:8792) ~[javafx-graphics-17.0.2-win.jar:?]
	at javafx.scene.control.Button.fire(Button.java:203) ~[javafx-controls-17.0.2-win.jar:?]
	at com.sun.javafx.scene.control.behavior.ButtonBehavior.mouseReleased(ButtonBehavior.java:208) ~[javafx-controls-17.0.2-win.jar:?]
	at com.sun.javafx.scene.control.inputmap.InputMap.handle(InputMap.java:274) ~[javafx-controls-17.0.2-win.jar:?]
	at com.sun.javafx.event.CompositeEventHandler$NormalEventHandlerRecord.handleBubblingEvent(CompositeEventHandler.java:247) ~[javafx-base-17.0.2-win.jar:?]
	at com.sun.javafx.event.CompositeEventHandler.dispatchBubblingEvent(CompositeEventHandler.java:80) ~[javafx-base-17.0.2-win.jar:?]
	at com.sun.javafx.event.EventHandlerManager.dispatchBubblingEvent(EventHandlerManager.java:234) ~[javafx-base-17.0.2-win.jar:?]
	at com.sun.javafx.event.EventHandlerManager.dispatchBubblingEvent(EventHandlerManager.java:191) ~[javafx-base-17.0.2-win.jar:?]
	at com.sun.javafx.event.CompositeEventDispatcher.dispatchBubblingEvent(CompositeEventDispatcher.java:59) ~[javafx-base-17.0.2-win.jar:?]
	at com.sun.javafx.event.BasicEventDispatcher.dispatchEvent(BasicEventDispatcher.java:58) ~[javafx-base-17.0.2-win.jar:?]
	at com.sun.javafx.event.EventDispatchChainImpl.dispatchEvent(EventDispatchChainImpl.java:114) ~[javafx-base-17.0.2-win.jar:?]
	at com.sun.javafx.event.BasicEventDispatcher.dispatchEvent(BasicEventDispatcher.java:56) ~[javafx-base-17.0.2-win.jar:?]
	at com.sun.javafx.event.EventDispatchChainImpl.dispatchEvent(EventDispatchChainImpl.java:114) ~[javafx-base-17.0.2-win.jar:?]
	at com.sun.javafx.event.BasicEventDispatcher.dispatchEvent(BasicEventDispatcher.java:56) ~[javafx-base-17.0.2-win.jar:?]
	at com.sun.javafx.event.EventDispatchChainImpl.dispatchEvent(EventDispatchChainImpl.java:114) ~[javafx-base-17.0.2-win.jar:?]
	at com.sun.javafx.event.BasicEventDispatcher.dispatchEvent(BasicEventDispatcher.java:56) ~[javafx-base-17.0.2-win.jar:?]
	at com.sun.javafx.event.EventDispatchChainImpl.dispatchEvent(EventDispatchChainImpl.java:114) ~[javafx-base-17.0.2-win.jar:?]
	at com.sun.javafx.event.BasicEventDispatcher.dispatchEvent(BasicEventDispatcher.java:56) ~[javafx-base-17.0.2-win.jar:?]
	at com.sun.javafx.event.EventDispatchChainImpl.dispatchEvent(EventDispatchChainImpl.java:114) ~[javafx-base-17.0.2-win.jar:?]
	at com.sun.javafx.event.BasicEventDispatcher.dispatchEvent(BasicEventDispatcher.java:56) ~[javafx-base-17.0.2-win.jar:?]
	at com.sun.javafx.event.EventDispatchChainImpl.dispatchEvent(EventDispatchChainImpl.java:114) ~[javafx-base-17.0.2-win.jar:?]
	at com.sun.javafx.event.BasicEventDispatcher.dispatchEvent(BasicEventDispatcher.java:56) ~[javafx-base-17.0.2-win.jar:?]
	at com.sun.javafx.event.EventDispatchChainImpl.dispatchEvent(EventDispatchChainImpl.java:114) ~[javafx-base-17.0.2-win.jar:?]
	at com.sun.javafx.event.BasicEventDispatcher.dispatchEvent(BasicEventDispatcher.java:56) ~[javafx-base-17.0.2-win.jar:?]
	at com.sun.javafx.event.EventDispatchChainImpl.dispatchEvent(EventDispatchChainImpl.java:114) ~[javafx-base-17.0.2-win.jar:?]
	at com.sun.javafx.event.EventUtil.fireEventImpl(EventUtil.java:74) ~[javafx-base-17.0.2-win.jar:?]
	at com.sun.javafx.event.EventUtil.fireEvent(EventUtil.java:54) ~[javafx-base-17.0.2-win.jar:?]
	at javafx.event.Event.fireEvent(Event.java:198) ~[javafx-base-17.0.2-win.jar:?]
	at javafx.scene.Scene$MouseHandler.process(Scene.java:3897) ~[javafx-graphics-17.0.2-win.jar:?]
	at javafx.scene.Scene.processMouseEvent(Scene.java:1878) ~[javafx-graphics-17.0.2-win.jar:?]
	at javafx.scene.Scene$ScenePeerListener.mouseEvent(Scene.java:2623) ~[javafx-graphics-17.0.2-win.jar:?]
	at com.sun.javafx.tk.quantum.GlassViewEventHandler$MouseEventNotification.run(GlassViewEventHandler.java:411) ~[javafx-graphics-17.0.2-win.jar:?]
	at com.sun.javafx.tk.quantum.GlassViewEventHandler$MouseEventNotification.run(GlassViewEventHandler.java:301) ~[javafx-graphics-17.0.2-win.jar:?]
	at java.security.AccessController.doPrivileged(AccessController.java:399) ~[?:?]
	at com.sun.javafx.tk.quantum.GlassViewEventHandler.lambda$handleMouseEvent$2(GlassViewEventHandler.java:450) ~[javafx-graphics-17.0.2-win.jar:?]
	at com.sun.javafx.tk.quantum.QuantumToolkit.runWithoutRenderLock(QuantumToolkit.java:424) ~[javafx-graphics-17.0.2-win.jar:?]
	at com.sun.javafx.tk.quantum.GlassViewEventHandler.handleMouseEvent(GlassViewEventHandler.java:449) ~[javafx-graphics-17.0.2-win.jar:?]
	at com.sun.glass.ui.View.handleMouseEvent(View.java:557) ~[javafx-graphics-17.0.2-win.jar:?]
	at com.sun.glass.ui.View.notifyMouse(View.java:943) ~[javafx-graphics-17.0.2-win.jar:?]
	at com.sun.glass.ui.win.WinApplication._runLoop(Native Method) ~[javafx-graphics-17.0.2-win.jar:?]
	at com.sun.glass.ui.win.WinApplication.lambda$runLoop$3(WinApplication.java:184) ~[javafx-graphics-17.0.2-win.jar:?]
	at java.lang.Thread.run(Thread.java:833) [?:?]
2023-07-06 21:45:42.366 [JavaFX Application Thread] INFO  project.itss.group8.itss.subsystem.Impl.EmployeeInforRepositoryImpl - Unit ID: 1
2023-07-06 21:45:46.032 [JavaFX Application Thread] INFO  project.itss.group8.itss.subsystem.Impl.EmployeeInforRepositoryImpl - Unit ID: 1
2023-07-06 22:59:43.269 [JavaFX Application Thread] INFO  project.itss.group8.itss.subsystem.Impl.EmployeeInforRepositoryImpl - Unit ID: 1
2023-07-06 22:59:54.832 [JavaFX Application Thread] INFO  project.itss.group8.itss.subsystem.Impl.EmployeeInforRepositoryImpl - Unit ID: 1
2023-07-06 22:59:59.262 [JavaFX Application Thread] INFO  project.itss.group8.itss.subsystem.Impl.LogInforRepositoryImpl - getLogByMonth: 60
2023-07-06 23:00:01.750 [JavaFX Application Thread] ERROR project.itss.group8.itss.subsystem.Impl.LogInforRepositoryImpl - Error when getLogInforByDay: 
org.postgresql.util.PSQLException: The column index is out of range: 2, number of columns: 1.
	at org.postgresql.core.v3.SimpleParameterList.bind(SimpleParameterList.java:69) ~[postgresql-42.2.23.jar:42.2.23]
	at org.postgresql.core.v3.SimpleParameterList.setBinaryParameter(SimpleParameterList.java:136) ~[postgresql-42.2.23.jar:42.2.23]
	at org.postgresql.jdbc.PgPreparedStatement.bindBytes(PgPreparedStatement.java:1047) ~[postgresql-42.2.23.jar:42.2.23]
	at org.postgresql.jdbc.PgPreparedStatement.setInt(PgPreparedStatement.java:296) ~[postgresql-42.2.23.jar:42.2.23]
	at project.itss.group8.itss.subsystem.Impl.LogInforRepositoryImpl.getLogInforByDay(LogInforRepositoryImpl.java:42) ~[classes/:?]
	at project.itss.group8.itss.helper.Impl.DetailInforEmployeeUnitServiceImpl.getDetailTimekeepingByDay(DetailInforEmployeeUnitServiceImpl.java:59) ~[classes/:?]
	at project.itss.group8.itss.controller.DetailInforEmployeeUnitController.initialize(DetailInforEmployeeUnitController.java:79) ~[classes/:?]
	at jdk.internal.reflect.NativeMethodAccessorImpl.invoke0(Native Method) ~[?:?]
	at jdk.internal.reflect.NativeMethodAccessorImpl.invoke(NativeMethodAccessorImpl.java:77) ~[?:?]
	at jdk.internal.reflect.DelegatingMethodAccessorImpl.invoke(DelegatingMethodAccessorImpl.java:43) ~[?:?]
	at java.lang.reflect.Method.invoke(Method.java:568) ~[?:?]
	at com.sun.javafx.reflect.Trampoline.invoke(MethodUtil.java:77) ~[javafx-base-17.0.2-win.jar:?]
	at jdk.internal.reflect.GeneratedMethodAccessor2.invoke(Unknown Source) ~[?:?]
	at jdk.internal.reflect.DelegatingMethodAccessorImpl.invoke(DelegatingMethodAccessorImpl.java:43) ~[?:?]
	at java.lang.reflect.Method.invoke(Method.java:568) ~[?:?]
	at com.sun.javafx.reflect.MethodUtil.invoke(MethodUtil.java:275) ~[javafx-base-17.0.2-win.jar:?]
	at com.sun.javafx.fxml.MethodHelper.invoke(MethodHelper.java:84) ~[javafx-fxml-17.0.2-win.jar:?]
	at javafx.fxml.FXMLLoader.loadImpl(FXMLLoader.java:2673) ~[javafx-fxml-17.0.2-win.jar:?]
	at javafx.fxml.FXMLLoader.loadImpl(FXMLLoader.java:2548) ~[javafx-fxml-17.0.2-win.jar:?]
	at javafx.fxml.FXMLLoader.load(FXMLLoader.java:2516) ~[javafx-fxml-17.0.2-win.jar:?]
	at project.itss.group8.itss.controller.WorkspaceController.changeWorkspace(WorkspaceController.java:25) ~[classes/:?]
	at project.itss.group8.itss.controller.OverViewInforEmployeeUnitController$1.lambda$new$0(OverViewInforEmployeeUnitController.java:109) ~[classes/:?]
	at com.sun.javafx.event.CompositeEventHandler.dispatchBubblingEvent(CompositeEventHandler.java:86) ~[javafx-base-17.0.2-win.jar:?]
	at com.sun.javafx.event.EventHandlerManager.dispatchBubblingEvent(EventHandlerManager.java:234) ~[javafx-base-17.0.2-win.jar:?]
	at com.sun.javafx.event.EventHandlerManager.dispatchBubblingEvent(EventHandlerManager.java:191) ~[javafx-base-17.0.2-win.jar:?]
	at com.sun.javafx.event.CompositeEventDispatcher.dispatchBubblingEvent(CompositeEventDispatcher.java:59) ~[javafx-base-17.0.2-win.jar:?]
	at com.sun.javafx.event.BasicEventDispatcher.dispatchEvent(BasicEventDispatcher.java:58) ~[javafx-base-17.0.2-win.jar:?]
	at com.sun.javafx.event.EventDispatchChainImpl.dispatchEvent(EventDispatchChainImpl.java:114) ~[javafx-base-17.0.2-win.jar:?]
	at com.sun.javafx.event.BasicEventDispatcher.dispatchEvent(BasicEventDispatcher.java:56) ~[javafx-base-17.0.2-win.jar:?]
	at com.sun.javafx.event.EventDispatchChainImpl.dispatchEvent(EventDispatchChainImpl.java:114) ~[javafx-base-17.0.2-win.jar:?]
	at com.sun.javafx.event.BasicEventDispatcher.dispatchEvent(BasicEventDispatcher.java:56) ~[javafx-base-17.0.2-win.jar:?]
	at com.sun.javafx.event.EventDispatchChainImpl.dispatchEvent(EventDispatchChainImpl.java:114) ~[javafx-base-17.0.2-win.jar:?]
	at com.sun.javafx.event.BasicEventDispatcher.dispatchEvent(BasicEventDispatcher.java:56) ~[javafx-base-17.0.2-win.jar:?]
	at com.sun.javafx.event.EventDispatchChainImpl.dispatchEvent(EventDispatchChainImpl.java:114) ~[javafx-base-17.0.2-win.jar:?]
	at com.sun.javafx.event.BasicEventDispatcher.dispatchEvent(BasicEventDispatcher.java:56) ~[javafx-base-17.0.2-win.jar:?]
	at com.sun.javafx.event.EventDispatchChainImpl.dispatchEvent(EventDispatchChainImpl.java:114) ~[javafx-base-17.0.2-win.jar:?]
	at com.sun.javafx.event.BasicEventDispatcher.dispatchEvent(BasicEventDispatcher.java:56) ~[javafx-base-17.0.2-win.jar:?]
	at com.sun.javafx.event.EventDispatchChainImpl.dispatchEvent(EventDispatchChainImpl.java:114) ~[javafx-base-17.0.2-win.jar:?]
	at com.sun.javafx.event.BasicEventDispatcher.dispatchEvent(BasicEventDispatcher.java:56) ~[javafx-base-17.0.2-win.jar:?]
	at com.sun.javafx.event.EventDispatchChainImpl.dispatchEvent(EventDispatchChainImpl.java:114) ~[javafx-base-17.0.2-win.jar:?]
	at com.sun.javafx.event.BasicEventDispatcher.dispatchEvent(BasicEventDispatcher.java:56) ~[javafx-base-17.0.2-win.jar:?]
	at com.sun.javafx.event.EventDispatchChainImpl.dispatchEvent(EventDispatchChainImpl.java:114) ~[javafx-base-17.0.2-win.jar:?]
	at com.sun.javafx.event.EventUtil.fireEventImpl(EventUtil.java:74) ~[javafx-base-17.0.2-win.jar:?]
	at com.sun.javafx.event.EventUtil.fireEvent(EventUtil.java:49) ~[javafx-base-17.0.2-win.jar:?]
	at javafx.event.Event.fireEvent(Event.java:198) ~[javafx-base-17.0.2-win.jar:?]
	at javafx.scene.Node.fireEvent(Node.java:8792) ~[javafx-graphics-17.0.2-win.jar:?]
	at javafx.scene.control.Button.fire(Button.java:203) ~[javafx-controls-17.0.2-win.jar:?]
	at com.sun.javafx.scene.control.behavior.ButtonBehavior.mouseReleased(ButtonBehavior.java:208) ~[javafx-controls-17.0.2-win.jar:?]
	at com.sun.javafx.scene.control.inputmap.InputMap.handle(InputMap.java:274) ~[javafx-controls-17.0.2-win.jar:?]
	at com.sun.javafx.event.CompositeEventHandler$NormalEventHandlerRecord.handleBubblingEvent(CompositeEventHandler.java:247) ~[javafx-base-17.0.2-win.jar:?]
	at com.sun.javafx.event.CompositeEventHandler.dispatchBubblingEvent(CompositeEventHandler.java:80) ~[javafx-base-17.0.2-win.jar:?]
	at com.sun.javafx.event.EventHandlerManager.dispatchBubblingEvent(EventHandlerManager.java:234) ~[javafx-base-17.0.2-win.jar:?]
	at com.sun.javafx.event.EventHandlerManager.dispatchBubblingEvent(EventHandlerManager.java:191) ~[javafx-base-17.0.2-win.jar:?]
	at com.sun.javafx.event.CompositeEventDispatcher.dispatchBubblingEvent(CompositeEventDispatcher.java:59) ~[javafx-base-17.0.2-win.jar:?]
	at com.sun.javafx.event.BasicEventDispatcher.dispatchEvent(BasicEventDispatcher.java:58) ~[javafx-base-17.0.2-win.jar:?]
	at com.sun.javafx.event.EventDispatchChainImpl.dispatchEvent(EventDispatchChainImpl.java:114) ~[javafx-base-17.0.2-win.jar:?]
	at com.sun.javafx.event.BasicEventDispatcher.dispatchEvent(BasicEventDispatcher.java:56) ~[javafx-base-17.0.2-win.jar:?]
	at com.sun.javafx.event.EventDispatchChainImpl.dispatchEvent(EventDispatchChainImpl.java:114) ~[javafx-base-17.0.2-win.jar:?]
	at com.sun.javafx.event.BasicEventDispatcher.dispatchEvent(BasicEventDispatcher.java:56) ~[javafx-base-17.0.2-win.jar:?]
	at com.sun.javafx.event.EventDispatchChainImpl.dispatchEvent(EventDispatchChainImpl.java:114) ~[javafx-base-17.0.2-win.jar:?]
	at com.sun.javafx.event.BasicEventDispatcher.dispatchEvent(BasicEventDispatcher.java:56) ~[javafx-base-17.0.2-win.jar:?]
	at com.sun.javafx.event.EventDispatchChainImpl.dispatchEvent(EventDispatchChainImpl.java:114) ~[javafx-base-17.0.2-win.jar:?]
	at com.sun.javafx.event.BasicEventDispatcher.dispatchEvent(BasicEventDispatcher.java:56) ~[javafx-base-17.0.2-win.jar:?]
	at com.sun.javafx.event.EventDispatchChainImpl.dispatchEvent(EventDispatchChainImpl.java:114) ~[javafx-base-17.0.2-win.jar:?]
	at com.sun.javafx.event.BasicEventDispatcher.dispatchEvent(BasicEventDispatcher.java:56) ~[javafx-base-17.0.2-win.jar:?]
	at com.sun.javafx.event.EventDispatchChainImpl.dispatchEvent(EventDispatchChainImpl.java:114) ~[javafx-base-17.0.2-win.jar:?]
	at com.sun.javafx.event.BasicEventDispatcher.dispatchEvent(BasicEventDispatcher.java:56) ~[javafx-base-17.0.2-win.jar:?]
	at com.sun.javafx.event.EventDispatchChainImpl.dispatchEvent(EventDispatchChainImpl.java:114) ~[javafx-base-17.0.2-win.jar:?]
	at com.sun.javafx.event.BasicEventDispatcher.dispatchEvent(BasicEventDispatcher.java:56) ~[javafx-base-17.0.2-win.jar:?]
	at com.sun.javafx.event.EventDispatchChainImpl.dispatchEvent(EventDispatchChainImpl.java:114) ~[javafx-base-17.0.2-win.jar:?]
	at com.sun.javafx.event.EventUtil.fireEventImpl(EventUtil.java:74) ~[javafx-base-17.0.2-win.jar:?]
	at com.sun.javafx.event.EventUtil.fireEvent(EventUtil.java:54) ~[javafx-base-17.0.2-win.jar:?]
	at javafx.event.Event.fireEvent(Event.java:198) ~[javafx-base-17.0.2-win.jar:?]
	at javafx.scene.Scene$MouseHandler.process(Scene.java:3897) ~[javafx-graphics-17.0.2-win.jar:?]
	at javafx.scene.Scene.processMouseEvent(Scene.java:1878) ~[javafx-graphics-17.0.2-win.jar:?]
	at javafx.scene.Scene$ScenePeerListener.mouseEvent(Scene.java:2623) ~[javafx-graphics-17.0.2-win.jar:?]
	at com.sun.javafx.tk.quantum.GlassViewEventHandler$MouseEventNotification.run(GlassViewEventHandler.java:411) ~[javafx-graphics-17.0.2-win.jar:?]
	at com.sun.javafx.tk.quantum.GlassViewEventHandler$MouseEventNotification.run(GlassViewEventHandler.java:301) ~[javafx-graphics-17.0.2-win.jar:?]
	at java.security.AccessController.doPrivileged(AccessController.java:399) ~[?:?]
	at com.sun.javafx.tk.quantum.GlassViewEventHandler.lambda$handleMouseEvent$2(GlassViewEventHandler.java:450) ~[javafx-graphics-17.0.2-win.jar:?]
	at com.sun.javafx.tk.quantum.QuantumToolkit.runWithoutRenderLock(QuantumToolkit.java:424) ~[javafx-graphics-17.0.2-win.jar:?]
	at com.sun.javafx.tk.quantum.GlassViewEventHandler.handleMouseEvent(GlassViewEventHandler.java:449) ~[javafx-graphics-17.0.2-win.jar:?]
	at com.sun.glass.ui.View.handleMouseEvent(View.java:557) ~[javafx-graphics-17.0.2-win.jar:?]
	at com.sun.glass.ui.View.notifyMouse(View.java:943) ~[javafx-graphics-17.0.2-win.jar:?]
	at com.sun.glass.ui.win.WinApplication._runLoop(Native Method) ~[javafx-graphics-17.0.2-win.jar:?]
	at com.sun.glass.ui.win.WinApplication.lambda$runLoop$3(WinApplication.java:184) ~[javafx-graphics-17.0.2-win.jar:?]
	at java.lang.Thread.run(Thread.java:833) [?:?]
2023-07-06 23:01:27.633 [JavaFX Application Thread] INFO  project.itss.group8.itss.utils.ConnectionPool - Create pool
2023-07-06 23:01:27.635 [JavaFX Application Thread] INFO  project.itss.group8.itss.utils.ConnectionPool - Load conf database OK
2023-07-06 23:01:31.821 [JavaFX Application Thread] INFO  project.itss.group8.itss.controller.LoginController - Start login user: 20201111 , pass: 1
2023-07-06 23:01:31.831 [JavaFX Application Thread] INFO  project.itss.group8.itss.controller.LoginController - Login Success
2023-07-06 23:01:33.703 [JavaFX Application Thread] INFO  project.itss.group8.itss.subsystem.Impl.EmployeeInforRepositoryImpl - Unit ID: 1
2023-07-06 23:01:37.171 [JavaFX Application Thread] INFO  project.itss.group8.itss.subsystem.Impl.EmployeeInforRepositoryImpl - Unit ID: 1
2023-07-06 23:01:55.904 [JavaFX Application Thread] INFO  project.itss.group8.itss.subsystem.Impl.EmployeeInforRepositoryImpl - Unit ID: 1
2023-07-06 23:02:05.448 [JavaFX Application Thread] INFO  project.itss.group8.itss.subsystem.Impl.EmployeeInforRepositoryImpl - Unit ID: 1
2023-07-06 23:02:08.681 [JavaFX Application Thread] INFO  project.itss.group8.itss.subsystem.Impl.EmployeeInforRepositoryImpl - Unit ID: 1
2023-07-06 23:02:16.204 [JavaFX Application Thread] INFO  project.itss.group8.itss.subsystem.Impl.LogInforRepositoryImpl - getLogByMonth: 60
2023-07-06 23:02:20.058 [JavaFX Application Thread] INFO  project.itss.group8.itss.subsystem.Impl.LogInforRepositoryImpl - getLogByMonth: 60
